2018-03-08 8:43:12 - Shreyas.Salunkhe@adventz.com//Complaint 18030808431188: Resolution required/Dear Shreyas Mahendra  Salunkhe , <br><br><br>
                Complaint 18030808431188 has been registered. <br><br>
                The complaint can be accessed through  zuari.akshapp.com<br><br>
                The expected Resolution date for this complaint is 2 working  days post complaint logging date.<br><br><br>
                Thanks and Regards,<br>
                Support- Adventz Agri CRM
2018-03-08 9:17:48 - //Complaint 18030809174838: Resolution required/Dear , <br><br><br>
                Complaint 18030809174838 has been registered. <br><br>
                The complaint can be accessed through  zuari.akshapp.com<br><br>
                The expected Resolution date for this complaint is 2 working  days post complaint logging date.<br><br><br>
                Thanks and Regards,<br>
                Support- Adventz Agri CRM
2018-03-08 9:35:12 - //Complaint 18030809351202: Resolution required/Dear , <br><br><br>
                Complaint 18030809351202 has been registered. <br><br>
                The complaint can be accessed through  zuari.akshapp.com<br><br>
                The expected Resolution date for this complaint is 2 working  days post complaint logging date.<br><br><br>
                Thanks and Regards,<br>
                Support- Adventz Agri CRM
2018-03-08 9:40:54 - Shreyas.Salunkhe@adventz.com//Complaint 18030809405470: Resolution required/Dear Shreyas Mahendra  Salunkhe , <br><br><br>
                Complaint 18030809405470 has been registered. <br><br>
                The complaint can be accessed through  zuari.akshapp.com<br><br>
                The expected Resolution date for this complaint is 2 working  days post complaint logging date.<br><br><br>
                Thanks and Regards,<br>
                Support- Adventz Agri CRM
