2018-05-15 5:19:58 - Array
(
    [route] => api/ivrcall
    [mob] => 9437189574
    [code] => 2
    [type] => 2
)

2018-05-15 5:20:00 - 9437189574
2018-05-15 5:20:01 - 2
2018-05-15 5:20:02 - 2
2018-05-15 5:20:44 - Adv.No::  Pin::
2018-05-15 5:26:12 - Array
(
    [route] => api/ivrcall
    [mob] => 9437189574
    [code] => 2
    [type] => 2
)

2018-05-15 5:26:13 - 9437189574
2018-05-15 5:26:14 - 2
2018-05-15 5:26:15 - 2
2018-05-15 5:29:56 - Array
(
    [route] => api/ivrcall
    [mob] => 9437189574
    [code] => 1
    [type] => 2
)

2018-05-15 5:29:56 - 9437189574
2018-05-15 5:29:56 - 1
2018-05-15 5:29:56 - 2
2018-05-15 5:29:56 - Adv.No:: 6746666158 Pin::5031
2018-05-15 8:32:24 - Array
(
    [route] => api/ivrcall
    [mob] => 9437189574
    [code] => 1
    [type] => 2
)

2018-05-15 8:32:24 - 9437189574
2018-05-15 8:32:24 - 1
2018-05-15 8:32:24 - 2
2018-05-15 8:32:32 - Adv.No:: 6746666158 Pin::5031
2018-05-15 9:19:52 - Array
(
    [route] => api/ivrcall
    [mob] => 9437189574
    [code] => 1
    [type] => 2
)

2018-05-15 9:19:52 - 9437189574
2018-05-15 9:19:52 - 1
2018-05-15 9:19:52 - 2
2018-05-15 9:19:53 - Adv.No:: 6746666158 Pin::5031
