2017-12-26 9:47:12 - Array
(
    [route] => api/ivrcall
    [mob] => 9971813600
    [type] => 2
    [code] => 1
)

2017-12-26 9:47:12 - 9971813600
2017-12-26 9:47:12 - 1
2017-12-26 9:47:12 - 2
2017-12-26 9:47:12 - Adv.No:: 2024327080 Pin::3136
2017-12-26 9:48:01 - Array
(
    [route] => api/ivrcall
    [mob] => 9971813600
    [type] => 2
    [code] => 1
)

2017-12-26 9:48:01 - 9971813600
2017-12-26 9:48:01 - 1
2017-12-26 9:48:01 - 2
2017-12-26 9:48:01 - Adv.No:: 2024327080 Pin::3136
2017-12-26 9:48:04 - Array
(
    [route] => api/ivrcall
    [mob] => 9971813600
    [type] => 2
    [code] => 1
)

2017-12-26 9:48:04 - 9971813600
2017-12-26 9:48:04 - 1
2017-12-26 9:48:04 - 2
2017-12-26 9:48:04 - Adv.No:: 2024327080 Pin::3136
2017-12-26 11:06:56 - Array
(
    [route] => api/ivrcall
    [mob] => 9971813600
    [type] => 2
    [code] => 1
)

2017-12-26 11:06:56 - 9971813600
2017-12-26 11:06:56 - 1
2017-12-26 11:06:56 - 2
2017-12-26 11:06:56 - Adv.No:: 2024327080 Pin::3136
2017-12-26 11:07:21 - Array
(
    [route] => api/ivrcall
    [mob] => 9971813600
    [type] => 2
    [code] => 1
)

2017-12-26 11:07:22 - 9971813600
2017-12-26 11:07:23 - 1
2017-12-26 11:07:23 - 2
2017-12-26 11:07:55 - Adv.No:: 2024327080 Pin::3136
2017-12-26 11:14:15 - Array
(
    [route] => api/ivrcall
    [mob] => 9971813600
    [type] => 2
    [code] => 1
)

2017-12-26 11:14:15 - 9971813600
2017-12-26 11:14:15 - 1
2017-12-26 11:14:15 - 2
2017-12-26 11:14:16 - Adv.No:: 2024327080 Pin::3136
2017-12-26 11:14:43 - Array
(
    [route] => api/ivrcall
    [mob] => 9971813600
    [type] => 2
    [code] => 1
)

2017-12-26 11:14:43 - 9971813600
2017-12-26 11:14:43 - 1
2017-12-26 11:14:43 - 2
2017-12-26 11:14:43 - Adv.No:: 2024327080 Pin::3136
2017-12-26 11:16:51 - Array
(
    [route] => api/ivrcall
    [mob] => 9971813600
    [type] => 2
    [code] => 1
)

2017-12-26 11:16:51 - 9971813600
2017-12-26 11:16:51 - 1
2017-12-26 11:16:51 - 2
2017-12-26 11:16:52 - Adv.No:: 2024327080 Pin::3136
2017-12-26 11:29:57 - Array
(
    [route] => api/ivrcall
    [mob] => 9971813600
    [type] => 2
    [code] => 1
)

2017-12-26 11:29:57 - 9971813600
2017-12-26 11:29:57 - 1
2017-12-26 11:29:57 - 2
2017-12-26 11:29:57 - Adv.No:: 2024327080 Pin::3136
2017-12-26 11:33:37 - Array
(
    [route] => api/ivrcall
    [mob] => 9971813600
    [type] => 2
    [code] => 1
)

2017-12-26 11:33:37 - 9971813600
2017-12-26 11:33:37 - 1
2017-12-26 11:33:37 - 2
2017-12-26 11:33:37 - Adv.No:: 2024327080 Pin::3288
2017-12-26 11:33:58 - Array
(
    [route] => api/ivrcall
    [mob] => 9971813600
    [type] => 2
    [code] => 1
)

2017-12-26 11:33:58 - 9971813600
2017-12-26 11:33:58 - 1
2017-12-26 11:33:58 - 2
2017-12-26 11:33:58 - Adv.No:: 2024327080 Pin::3288
