2017-12-27 9:10:46 - Array
(
    [route] => api/ivrcall
    [mob] => 9971813600
    [type] => 2
    [code] => 1
)

2017-12-27 9:10:46 - 9971813600
2017-12-27 9:10:46 - 1
2017-12-27 9:10:46 - 2
2017-12-27 9:10:46 - Adv.No:: 2024327080 Pin::3288
2017-12-27 9:22:18 - Array
(
    [route] => api/ivrcall
    [mob] => 9971813600
    [type] => 2
    [code] => 1
)

2017-12-27 9:22:18 - 9971813600
2017-12-27 9:22:18 - 1
2017-12-27 9:22:18 - 2
2017-12-27 9:22:18 - Adv.No:: 2024327080 Pin::3288
2017-12-27 10:33:55 - Array
(
    [route] => api/ivrcall
    [mob] => 9971813600
    [type] => 2
    [code] => 1
)

2017-12-27 10:33:55 - 9971813600
2017-12-27 10:33:55 - 1
2017-12-27 10:33:55 - 2
2017-12-27 10:33:55 - Adv.No:: 2024327080 Pin::3288
