2018-02-21 8:48:47 - Array
(
    [route] => api/ivrcall
)

2018-02-21 8:48:47 - 
2018-02-21 8:48:47 - 
2018-02-21 8:48:47 - 
2018-02-21 8:49:53 - Array
(
    [route] => api/ivrcall
    [mob] => 9971813600
    [type] => 2
    [code] => 1
)

2018-02-21 8:49:53 - 9971813600
2018-02-21 8:49:53 - 1
2018-02-21 8:49:53 - 2
2018-02-21 8:49:54 - Adv.No:: 6746666158 Pin::3825
2018-02-21 8:55:46 - Array
(
    [route] => api/ivrcall
    [mob] => 9971813600
    [type] => 2
    [code] => 1
)

2018-02-21 8:55:46 - 9971813600
2018-02-21 8:55:46 - 1
2018-02-21 8:55:46 - 2
2018-02-21 8:55:46 - Adv.No:: 8065474856 Pin::3825
2018-02-21 8:56:50 - Array
(
    [route] => api/ivrcall
    [mob] => 9971813600
    [type] => 2
    [code] => 1
)

2018-02-21 8:56:50 - 9971813600
2018-02-21 8:56:50 - 1
2018-02-21 8:56:50 - 2
2018-02-21 8:56:51 - Adv.No:: 9008388365 Pin::3825
2018-02-21 8:58:09 - Array
(
    [route] => api/ivrcall
    [mob] => 9971813600
    [type] => 2
    [code] => 1
)

2018-02-21 8:58:12 - 9971813600
2018-02-21 8:58:13 - 1
2018-02-21 8:58:14 - 2
2018-02-21 9:07:25 - Adv.No:: 9008388365 Pin::3825
2018-02-21 9:07:36 - Array
(
    [route] => api/ivrcall
    [mob] => 9971813600
    [type] => 2
    [code] => 1
)

2018-02-21 9:07:36 - 9971813600
2018-02-21 9:07:36 - 1
2018-02-21 9:07:36 - 2
2018-02-21 9:07:36 - Adv.No:: 1 Pin::3825
