2018-01-12 6:44:12 - Array
(
    [route] => api/ivrcall
    [mob] => 9971813600
    [type] => 2
    [code] => 1
)

2018-01-12 6:44:13 - 9971813600
2018-01-12 6:44:14 - 1
2018-01-12 6:44:24 - 2
2018-01-12 6:45:36 - Adv.No::  Pin::
2018-01-12 6:46:11 - Array
(
    [route] => api/ivrcall
    [mob] => 9971813600
    [type] => 2
    [code] => 1
)

2018-01-12 6:46:11 - 9971813600
2018-01-12 6:46:11 - 1
2018-01-12 6:46:11 - 2
2018-01-12 6:49:46 - Adv.No::  Pin::
2018-01-12 7:14:35 - Array
(
    [route] => api/ivrcall
    [mob] => 9971813600
    [type] => 2
    [code] => 1
)

2018-01-12 7:14:35 - 9971813600
2018-01-12 7:14:35 - 1
2018-01-12 7:14:35 - 2
2018-01-12 7:14:35 - Adv.No::  Pin::
2018-01-12 9:01:15 - Array
(
    [route] => api/ivrcall
    [mob] => 9971813600
    [type] => 2
    [code] => 1
)

2018-01-12 9:01:15 - 9971813600
2018-01-12 9:01:15 - 1
2018-01-12 9:01:15 - 2
2018-01-12 9:01:15 - Adv.No:: 2024327080 Pin::3600
2018-01-12 9:04:01 - Array
(
    [route] => api/ivrcall
    [mob] => 9971813600
    [type] => 2
    [code] => 1
)

2018-01-12 9:04:01 - 9971813600
2018-01-12 9:04:01 - 1
2018-01-12 9:04:01 - 2
2018-01-12 9:04:01 - Adv.No::  Pin::
2018-01-12 9:04:37 - Array
(
    [route] => api/ivrcall
    [mob] => 9971813600
    [type] => 2
    [code] => 1
)

2018-01-12 9:04:37 - 9971813600
2018-01-12 9:04:37 - 1
2018-01-12 9:04:37 - 2
2018-01-12 9:04:37 - Adv.No::  Pin::
2018-01-12 9:25:12 - Array
(
    [route] => api/ivrcall
    [mob] => 9971813600
    [type] => 2
    [code] => 1
)

2018-01-12 9:25:12 - 9971813600
2018-01-12 9:25:12 - 1
2018-01-12 9:25:12 - 2
2018-01-12 9:25:12 - Adv.No:: 2024327080 Pin::
2018-01-12 9:29:58 - Array
(
    [route] => api/ivrcall
    [mob] => 9971813600
    [type] => 2
    [code] => 1
)

2018-01-12 9:29:58 - 9971813600
2018-01-12 9:29:58 - 1
2018-01-12 9:29:58 - 2
2018-01-12 9:29:58 - Adv.No:: 2024327080 Pin::3600
2018-01-12 9:30:31 - Array
(
    [route] => api/ivrcall
    [mob] => 9643168361
    [type] => 2
    [code] => 1
)

2018-01-12 9:30:31 - 9643168361
2018-01-12 9:30:31 - 1
2018-01-12 9:30:31 - 2
2018-01-12 9:30:31 - Adv.No:: 2024327080 Pin::3601
2018-01-12 9:32:02 - Array
(
    [route] => api/ivrcall
    [mob] => 9643168361
    [type] => 2
    [code] => 1
)

2018-01-12 9:32:02 - 9643168361
2018-01-12 9:32:02 - 1
2018-01-12 9:32:02 - 2
2018-01-12 9:32:02 - Adv.No:: 2024327080 Pin::3601
2018-01-12 9:32:43 - Array
(
    [route] => api/ivrcall
    [mob] => 9643168361
    [type] => 2
    [code] => 2
)

2018-01-12 9:32:43 - 9643168361
2018-01-12 9:32:43 - 2
2018-01-12 9:32:43 - 2
2018-01-12 9:32:44 - Adv.No::  Pin::
2018-01-12 9:33:56 - Array
(
    [route] => api/ivrcall
    [mob] => 9439201900
    [type] => 2
    [code] => 2
)

2018-01-12 9:33:56 - 9439201900
2018-01-12 9:33:56 - 2
2018-01-12 9:33:56 - 2
2018-01-12 9:33:56 - Adv.No::  Pin::
2018-01-12 9:34:32 - Array
(
    [route] => api/ivrcall
    [mob] => 9439201900
    [type] => 2
    [code] => 1
)

2018-01-12 9:34:32 - 9439201900
2018-01-12 9:34:32 - 1
2018-01-12 9:34:32 - 2
2018-01-12 9:34:32 - Adv.No:: 6746666158 Pin::3602
2018-01-12 9:34:54 - Array
(
    [route] => api/ivrcall
    [mob] => 9439201900
    [type] => 2
    [code] => 1
)

2018-01-12 9:34:54 - 9439201900
2018-01-12 9:34:54 - 1
2018-01-12 9:34:54 - 2
2018-01-12 9:34:54 - Adv.No:: 6746666158 Pin::3602
2018-01-12 9:35:13 - Array
(
    [route] => api/ivrcall
    [mob] => 9439201900
    [type] => 2
    [code] => 1
)

2018-01-12 9:35:13 - 9439201900
2018-01-12 9:35:13 - 1
2018-01-12 9:35:13 - 2
2018-01-12 9:35:13 - Adv.No:: 6746666158 Pin::3603
2018-01-12 9:35:17 - Array
(
    [route] => api/ivrcall
    [mob] => 9439201900
    [type] => 2
    [code] => 1
)

2018-01-12 9:35:17 - 9439201900
2018-01-12 9:35:17 - 1
2018-01-12 9:35:17 - 2
2018-01-12 9:35:17 - Adv.No:: 6746666158 Pin::3603
2018-01-12 10:08:52 - Array
(
    [route] => api/ivrcall
    [mob] => 9971813600
    [type] => 2
    [code] => 1
)

2018-01-12 10:08:52 - 9971813600
2018-01-12 10:08:52 - 1
2018-01-12 10:08:52 - 2
2018-01-12 10:08:52 - Adv.No:: 2024327080 Pin::3600
