2018-02-19 7:34:28 - By Post
2018-02-19 7:34:28 - Array
(
)

2018-02-19 7:34:32 - By Post
2018-02-19 7:34:32 - Array
(
)

2018-02-19 11:26:48 - By Post
2018-02-19 11:26:48 - Array
(
)

2018-02-19 11:28:45 - By Post
2018-02-19 11:28:45 - Array
(
)

2018-02-19 11:29:00 - By Post
2018-02-19 11:29:00 - Array
(
)

2018-02-19 11:30:07 - By Post
2018-02-19 11:30:07 - Array
(
)

2018-02-19 11:31:55 - By Post
2018-02-19 11:31:55 - Array
(
)

2018-02-19 11:35:45 - By Post
2018-02-19 11:36:15 - Array
(
)

2018-02-19 11:36:29 - By Post
2018-02-19 11:40:05 - Array
(
)

2018-02-19 11:40:09 - By Post
2018-02-19 11:41:22 - Array
(
)

2018-02-19 11:47:24 - By Post
2018-02-19 11:50:28 - Array
(
    [AppData] => {&quot;ServiceType&quot;:&quot;1&quot;,&quot;StateId&quot;:&quot;09&quot;,&quot;Mobile&quot;:&quot;9971813600&quot;,&quot;CustomerName&quot;:&quot;Test User&quot;,&quot;ProductId&quot;:&quot;11&quot;,&quot;ProductName&quot;:&quot;Mango&quot;,&quot;StoreId&quot;:&quot;11&quot;,&quot;Quantity&quot;:&quot;5&quot;,&quot;OrderQuantity&quot;:&quot;1000&quot;,&quot;QueryId&quot;:&quot;1&quot;,&quot;QueryText&quot;:&quot;Product Purchase Intent Given&quot;,&quot;ImageUrl1&quot;:&quot;http:\/\/abc.com\/image\/image.png&quot;,&quot;ImageUrl2&quot;:&quot;http:\/\/abc.com\/image\/image.png&quot;,&quot;TestName&quot;:&quot;Test Mail&quot;}
)

2018-02-19 11:53:25 - By Post
2018-02-19 11:53:26 - Array
(
    [1] => 
)

2018-02-19 11:55:23 - By Post
2018-02-19 11:55:23 - Array
(
    [1] => 
)

2018-02-19 11:55:37 - By Post
2018-02-19 11:55:37 - Array
(
    [1] => 
)

