2018-03-20 4:38:05 - SELECT SID,
            (CASE 
                    WHEN ServiceType=1 THEN 'SERVICE' 
                    WHEN ServiceType=2 THEN 'ADVISORY' 
                    WHEN ServiceType=3 THEN 'PURCHASE' 
                    WHEN ServiceType=4 THEN 'OTHER' 
                    ELSE 'OTHER' 
            END) AS 'SER',
            Mobile AS 'MOB', DATE_FORMAT(CrDate,'%d-%m-%Y') AS 'CR_DATE' 
            FROM app_services 
            WHERE StateId IN(SELECT state_id FROM ak_agent_geo WHERE cc_agent_id=10) AND ServiceStatus=0
            GROUP BY ServiceType,Mobile 
            ORDER BY CrDate DESC
2018-03-20 4:55:13 - SELECT SID,
            (CASE 
                    WHEN ServiceType=1 THEN 'SERVICE' 
                    WHEN ServiceType=2 THEN 'ADVISORY' 
                    WHEN ServiceType=3 THEN 'PURCHASE' 
                    WHEN ServiceType=4 THEN 'OTHER' 
                    ELSE 'OTHER' 
            END) AS 'SER',
            Mobile AS 'MOB', DATE_FORMAT(CrDate,'%d-%m-%Y') AS 'CR_DATE' 
            FROM app_services 
            WHERE StateId IN(SELECT state_id FROM ak_agent_geo WHERE cc_agent_id=10) AND ServiceStatus=0
            GROUP BY ServiceType,Mobile 
            ORDER BY CrDate DESC
2018-03-20 9:35:49 - SELECT SID,
            (CASE 
                    WHEN ServiceType=1 THEN 'SERVICE' 
                    WHEN ServiceType=2 THEN 'ADVISORY' 
                    WHEN ServiceType=3 THEN 'PURCHASE' 
                    WHEN ServiceType=4 THEN 'OTHER' 
                    ELSE 'OTHER' 
            END) AS 'SER',
            Mobile AS 'MOB', DATE_FORMAT(CrDate,'%d-%m-%Y') AS 'CR_DATE' 
            FROM app_services 
            WHERE StateId IN(SELECT state_id FROM ak_agent_geo WHERE cc_agent_id=10) AND ServiceStatus=0
            GROUP BY ServiceType,Mobile 
            ORDER BY CrDate DESC
2018-03-20 9:36:28 - SELECT SID,
            (CASE 
                    WHEN ServiceType=1 THEN 'SERVICE' 
                    WHEN ServiceType=2 THEN 'ADVISORY' 
                    WHEN ServiceType=3 THEN 'PURCHASE' 
                    WHEN ServiceType=4 THEN 'OTHER' 
                    ELSE 'OTHER' 
            END) AS 'SER',
            Mobile AS 'MOB', DATE_FORMAT(CrDate,'%d-%m-%Y') AS 'CR_DATE' 
            FROM app_services 
            WHERE StateId IN(SELECT state_id FROM ak_agent_geo WHERE cc_agent_id=17) AND ServiceStatus=0
            GROUP BY ServiceType,Mobile 
            ORDER BY CrDate DESC
2018-03-20 9:40:30 - SELECT SID,
            (CASE 
                    WHEN ServiceType=1 THEN 'SERVICE' 
                    WHEN ServiceType=2 THEN 'ADVISORY' 
                    WHEN ServiceType=3 THEN 'PURCHASE' 
                    WHEN ServiceType=4 THEN 'OTHER' 
                    ELSE 'OTHER' 
            END) AS 'SER',
            Mobile AS 'MOB', DATE_FORMAT(CrDate,'%d-%m-%Y') AS 'CR_DATE' 
            FROM app_services 
            WHERE StateId IN(SELECT state_id FROM ak_agent_geo WHERE cc_agent_id=17) AND ServiceStatus=0
            GROUP BY ServiceType,Mobile 
            ORDER BY CrDate DESC
2018-03-20 9:41:07 - SELECT SID,
            (CASE 
                    WHEN ServiceType=1 THEN 'SERVICE' 
                    WHEN ServiceType=2 THEN 'ADVISORY' 
                    WHEN ServiceType=3 THEN 'PURCHASE' 
                    WHEN ServiceType=4 THEN 'OTHER' 
                    ELSE 'OTHER' 
            END) AS 'SER',
            Mobile AS 'MOB', DATE_FORMAT(CrDate,'%d-%m-%Y') AS 'CR_DATE' 
            FROM app_services 
            WHERE StateId IN(SELECT state_id FROM ak_agent_geo WHERE cc_agent_id=17) AND ServiceStatus=0 AND ServiceType<>2
            GROUP BY ServiceType,Mobile 
            ORDER BY CrDate DESC
2018-03-20 9:43:05 - SELECT SID,
            (CASE 
                    WHEN ServiceType=1 THEN 'SERVICE' 
                    WHEN ServiceType=2 THEN 'ADVISORY' 
                    WHEN ServiceType=3 THEN 'PURCHASE' 
                    WHEN ServiceType=4 THEN 'OTHER' 
                    ELSE 'OTHER' 
            END) AS 'SER',
            Mobile AS 'MOB', DATE_FORMAT(CrDate,'%d-%m-%Y') AS 'CR_DATE' 
            FROM app_services 
            WHERE StateId IN(SELECT state_id FROM ak_agent_geo WHERE cc_agent_id=17) AND ServiceStatus=0 AND ServiceType<>2
            GROUP BY ServiceType,Mobile 
            ORDER BY CrDate DESC
2018-03-20 9:55:30 - SELECT SID,
            (CASE 
                    WHEN ServiceType=1 THEN 'SERVICE' 
                    WHEN ServiceType=2 THEN 'ADVISORY' 
                    WHEN ServiceType=3 THEN 'PURCHASE' 
                    WHEN ServiceType=4 THEN 'OTHER' 
                    ELSE 'OTHER' 
            END) AS 'SER',
            Mobile AS 'MOB', DATE_FORMAT(CrDate,'%d-%m-%Y') AS 'CR_DATE' 
            FROM app_services 
            WHERE StateId IN(SELECT state_id FROM ak_agent_geo WHERE cc_agent_id=17) AND ServiceStatus=0 AND ServiceType<>2
            GROUP BY ServiceType,Mobile 
            ORDER BY CrDate DESC
2018-03-20 9:55:40 - SELECT SID,
            (CASE 
                    WHEN ServiceType=1 THEN 'SERVICE' 
                    WHEN ServiceType=2 THEN 'ADVISORY' 
                    WHEN ServiceType=3 THEN 'PURCHASE' 
                    WHEN ServiceType=4 THEN 'OTHER' 
                    ELSE 'OTHER' 
            END) AS 'SER',
            Mobile AS 'MOB', DATE_FORMAT(CrDate,'%d-%m-%Y') AS 'CR_DATE' 
            FROM app_services 
            WHERE StateId IN(SELECT state_id FROM ak_agent_geo WHERE cc_agent_id=17) AND ServiceStatus=0 AND ServiceType<>2
            GROUP BY ServiceType,Mobile 
            ORDER BY CrDate DESC
2018-03-20 9:55:43 - SELECT SID,
            (CASE 
                    WHEN ServiceType=1 THEN 'SERVICE' 
                    WHEN ServiceType=2 THEN 'ADVISORY' 
                    WHEN ServiceType=3 THEN 'PURCHASE' 
                    WHEN ServiceType=4 THEN 'OTHER' 
                    ELSE 'OTHER' 
            END) AS 'SER',
            Mobile AS 'MOB', DATE_FORMAT(CrDate,'%d-%m-%Y') AS 'CR_DATE' 
            FROM app_services 
            WHERE StateId IN(SELECT state_id FROM ak_agent_geo WHERE cc_agent_id=17) AND ServiceStatus=0 AND ServiceType<>2
            GROUP BY ServiceType,Mobile 
            ORDER BY CrDate DESC
2018-03-20 10:50:16 - SELECT SID,
            (CASE 
                    WHEN ServiceType=1 THEN 'SERVICE' 
                    WHEN ServiceType=2 THEN 'ADVISORY' 
                    WHEN ServiceType=3 THEN 'PURCHASE' 
                    WHEN ServiceType=4 THEN 'OTHER' 
                    ELSE 'OTHER' 
            END) AS 'SER',
            Mobile AS 'MOB', DATE_FORMAT(CrDate,'%d-%m-%Y') AS 'CR_DATE' 
            FROM app_services 
            WHERE StateId IN(SELECT state_id FROM ak_agent_geo WHERE cc_agent_id=17) AND ServiceStatus=0 AND ServiceType<>2
            GROUP BY ServiceType,Mobile 
            ORDER BY CrDate DESC
2018-03-20 12:11:17 - SELECT SID,
            (CASE 
                    WHEN ServiceType=1 THEN 'SERVICE' 
                    WHEN ServiceType=2 THEN 'ADVISORY' 
                    WHEN ServiceType=3 THEN 'PURCHASE' 
                    WHEN ServiceType=4 THEN 'OTHER' 
                    ELSE 'OTHER' 
            END) AS 'SER',
            Mobile AS 'MOB', DATE_FORMAT(CrDate,'%d-%m-%Y') AS 'CR_DATE' 
            FROM app_services 
            WHERE StateId IN(SELECT state_id FROM ak_agent_geo WHERE cc_agent_id=17) AND ServiceStatus=0 AND ServiceType<>2
            GROUP BY ServiceType,Mobile 
            ORDER BY CrDate DESC
