2018-03-15 3:54:49 - SELECT SID,
            (CASE 
                    WHEN ServiceType=1 THEN 'SERVICE' 
                    WHEN ServiceType=2 THEN 'ADVISORY' 
                    WHEN ServiceType=3 THEN 'PURCHASE' 
                    WHEN ServiceType=4 THEN 'OTHER' 
                    ELSE 'OTHER' 
            END) AS 'SER',
            Mobile AS 'MOB', DATE_FORMAT(CrDate,'%d-%m-%Y') AS 'CR_DATE' 
            FROM app_services 
            WHERE StateId IN(SELECT state_id FROM ak_agent_geo WHERE cc_agent_id=10)
            GROUP BY ServiceType,Mobile 
            ORDER BY CrDate DESC
2018-03-15 7:23:46 - SELECT SID,
            (CASE 
                    WHEN ServiceType=1 THEN 'SERVICE' 
                    WHEN ServiceType=2 THEN 'ADVISORY' 
                    WHEN ServiceType=3 THEN 'PURCHASE' 
                    WHEN ServiceType=4 THEN 'OTHER' 
                    ELSE 'OTHER' 
            END) AS 'SER',
            Mobile AS 'MOB', DATE_FORMAT(CrDate,'%d-%m-%Y') AS 'CR_DATE' 
            FROM app_services 
            WHERE StateId IN(SELECT state_id FROM ak_agent_geo WHERE cc_agent_id=)
            GROUP BY ServiceType,Mobile 
            ORDER BY CrDate DESC
2018-03-15 7:24:41 - SELECT SID,
            (CASE 
                    WHEN ServiceType=1 THEN 'SERVICE' 
                    WHEN ServiceType=2 THEN 'ADVISORY' 
                    WHEN ServiceType=3 THEN 'PURCHASE' 
                    WHEN ServiceType=4 THEN 'OTHER' 
                    ELSE 'OTHER' 
            END) AS 'SER',
            Mobile AS 'MOB', DATE_FORMAT(CrDate,'%d-%m-%Y') AS 'CR_DATE' 
            FROM app_services 
            WHERE StateId IN(SELECT state_id FROM ak_agent_geo WHERE cc_agent_id=10)
            GROUP BY ServiceType,Mobile 
            ORDER BY CrDate DESC
