2018-04-02 5:02:18 - SELECT SID,
            (CASE 
                    WHEN ServiceType=1 THEN 'SERVICE' 
                    WHEN ServiceType=2 THEN 'ADVISORY' 
                    WHEN ServiceType=3 THEN 'PURCHASE' 
                    WHEN ServiceType=4 THEN 'OTHER' 
                    ELSE 'OTHER' 
            END) AS 'SER',
            Mobile AS 'MOB', DATE_FORMAT(CrDate,'%d-%m-%Y') AS 'CR_DATE' 
            FROM app_services 
            WHERE StateId IN(SELECT state_id FROM ak_agent_geo WHERE cc_agent_id=10) AND ServiceStatus=0 AND ServiceType<>2
            GROUP BY ServiceType,Mobile 
            ORDER BY CrDate DESC
2018-04-02 5:13:39 - SELECT SID,
            (CASE 
                    WHEN ServiceType=1 THEN 'SERVICE' 
                    WHEN ServiceType=2 THEN 'ADVISORY' 
                    WHEN ServiceType=3 THEN 'PURCHASE' 
                    WHEN ServiceType=4 THEN 'OTHER' 
                    ELSE 'OTHER' 
            END) AS 'SER',
            Mobile AS 'MOB', DATE_FORMAT(CrDate,'%d-%m-%Y') AS 'CR_DATE' 
            FROM app_services 
            WHERE StateId IN(SELECT state_id FROM ak_agent_geo WHERE cc_agent_id=17) AND ServiceStatus=0 AND ServiceType<>2
            GROUP BY ServiceType,Mobile 
            ORDER BY CrDate DESC
2018-04-02 5:18:54 - SELECT SID,
            (CASE 
                    WHEN ServiceType=1 THEN 'SERVICE' 
                    WHEN ServiceType=2 THEN 'ADVISORY' 
                    WHEN ServiceType=3 THEN 'PURCHASE' 
                    WHEN ServiceType=4 THEN 'OTHER' 
                    ELSE 'OTHER' 
            END) AS 'SER',
            Mobile AS 'MOB', DATE_FORMAT(CrDate,'%d-%m-%Y') AS 'CR_DATE' 
            FROM app_services 
            WHERE StateId IN(SELECT state_id FROM ak_agent_geo WHERE cc_agent_id=17) AND ServiceStatus=0 AND ServiceType<>2
            GROUP BY ServiceType,Mobile 
            ORDER BY CrDate DESC
