2018-04-28 4:48:28 - SELECT app_services.SID,
            (CASE 
                    WHEN ServiceType=1 THEN 'SERVICE' 
                    WHEN ServiceType=2 THEN 'ADVISORY' 
                    WHEN ServiceType=3 THEN 'PURCHASE' 
                    WHEN ServiceType=4 THEN 'OTHER' 
                    ELSE 'OTHER' 
            END) AS 'SER',
            Mobile AS 'MOB', 
            ARC.RTLR_CODE AS 'PIN',ARC.CALL_COUNT AS 'TOT_ATTEMPT',
            DATE_FORMAT(CrDate,'%d-%m-%Y') AS 'CR_DATE' 
            FROM app_services 
            LEFT JOIN ak_retailers_call ARC ON(ARC.MOBILE_NO=app_services.Mobile AND ARC.CALL_TYPE=3 )
            WHERE 
                StateId IN(SELECT state_id FROM ak_agent_geo WHERE cc_agent_id=17) 
		AND ServiceStatus=0 
		AND ServiceType NOT IN(2,3,4) 
		AND ARC.CALL_COUNT < 3
            GROUP BY ServiceType,Mobile 
            ORDER BY CrDate DESC
2018-04-28 5:52:46 - SELECT app_services.SID,
            (CASE 
                    WHEN ServiceType=1 THEN 'SERVICE' 
                    WHEN ServiceType=2 THEN 'ADVISORY' 
                    WHEN ServiceType=3 THEN 'PURCHASE' 
                    WHEN ServiceType=4 THEN 'OTHER' 
                    ELSE 'OTHER' 
            END) AS 'SER',
            Mobile AS 'MOB', 
            ARC.RTLR_CODE AS 'PIN',ARC.CALL_COUNT AS 'TOT_ATTEMPT',
            DATE_FORMAT(CrDate,'%d-%m-%Y') AS 'CR_DATE' 
            FROM app_services 
            LEFT JOIN ak_retailers_call ARC ON(ARC.MOBILE_NO=app_services.Mobile AND ARC.CALL_TYPE=3 )
            WHERE 
                StateId IN(SELECT state_id FROM ak_agent_geo WHERE cc_agent_id=) 
		AND ServiceStatus=0 
		AND ServiceType NOT IN(2,3,4) 
		AND ARC.CALL_COUNT < 3
            GROUP BY ServiceType,Mobile 
            ORDER BY CrDate DESC
2018-04-28 6:00:24 - SELECT app_services.SID,
            (CASE 
                    WHEN ServiceType=1 THEN 'SERVICE' 
                    WHEN ServiceType=2 THEN 'ADVISORY' 
                    WHEN ServiceType=3 THEN 'PURCHASE' 
                    WHEN ServiceType=4 THEN 'OTHER' 
                    ELSE 'OTHER' 
            END) AS 'SER',
            Mobile AS 'MOB', 
            ARC.RTLR_CODE AS 'PIN',ARC.CALL_COUNT AS 'TOT_ATTEMPT',
            DATE_FORMAT(CrDate,'%d-%m-%Y') AS 'CR_DATE' 
            FROM app_services 
            LEFT JOIN ak_retailers_call ARC ON(ARC.MOBILE_NO=app_services.Mobile AND ARC.CALL_TYPE=3 )
            WHERE 
                StateId IN(SELECT state_id FROM ak_agent_geo WHERE cc_agent_id=110) 
		AND ServiceStatus=0 
		AND ServiceType NOT IN(2,3,4) 
		AND ARC.CALL_COUNT < 3
            GROUP BY ServiceType,Mobile 
            ORDER BY CrDate DESC
