2018-03-14 6:23:40 - Request Object
(
    [get] => Array
        (
            [route] => api/appService
        )

    [post] => Array
        (
            [{&quot;ServiceType&quot;:&quot;2&quot;,&quot;StateId&quot;:&quot;Delhi&quot;,&quot;Mobile&quot;:&quot;9971813600&quot;,&quot;CustomerName&quot;:&quot;Test_User&quot;,&quot;ProductId&quot;:&quot;11&quot;,&quot;ProductName&quot;:&quot;Mango&quot;,&quot;StoreId&quot;:&quot;11&quot;,&quot;Quantity&quot;:&quot;5&quot;,&quot;OrderId&quot;:&quot;1000&quot;,&quot;QueryId&quot;:&quot;1&quot;,&quot;QueryText&quot;:&quot;Product_Purchase_Intent_Given&quot;,&quot;ImageUrl1&quot;:&quot;http:\/\/abc_com\/image\/image_png&quot;,&quot;ImageUrl2&quot;:&quot;http:\/\/abc_com\/image\/image_png&quot;,&quot;TestName&quot;:&quot;Test_Mail&quot;}] => 
        )

    [cookie] => Array
        (
        )

    [files] => Array
        (
        )

    [server] => Array
        (
            [USER] => apache
            [HOME] => /usr/share/httpd
            [SCRIPT_NAME] => /CRM/index.php
            [REQUEST_URI] => /CRM/index.php?route=api/appService
            [QUERY_STRING] => route=api/appService
            [REQUEST_METHOD] => POST
            [SERVER_PROTOCOL] => HTTP/1.1
            [GATEWAY_INTERFACE] => CGI/1.1
            [REMOTE_PORT] => 54324
            [SCRIPT_FILENAME] => /var/www/html/CRM/index.php
            [SERVER_ADMIN] => root@localhost
            [CONTEXT_DOCUMENT_ROOT] => /var/www/html
            [CONTEXT_PREFIX] => 
            [REQUEST_SCHEME] => http
            [DOCUMENT_ROOT] => /var/www/html
            [REMOTE_ADDR] => 192.168.1.159
            [SERVER_PORT] => 80
            [SERVER_ADDR] => 192.168.1.159
            [SERVER_NAME] => 192.168.1.159
            [SERVER_SOFTWARE] => Apache/2.4.29 (Fedora)
            [SERVER_SIGNATURE] => 
            [PATH] => /usr/local/sbin:/usr/local/bin:/usr/sbin:/usr/bin
            [CONTENT_TYPE] => application/x-www-form-urlencoded
            [CONTENT_LENGTH] => 351
            [HTTP_ACCEPT] => */*
            [HTTP_HOST] => 192.168.1.159
            [proxy-nokeepalive] => 1
            [UNIQUE_ID] => Wqi-7DS2QktY9iXJ8bGURAAAAAA
            [FCGI_ROLE] => RESPONDER
            [PHP_SELF] => /CRM/index.php
            [REQUEST_TIME_FLOAT] => 1521008620.3819
            [REQUEST_TIME] => 1521008620
            [HTTPS] => 
        )

    [request] => Array
        (
            [route] => api/appService
            [{&quot;ServiceType&quot;:&quot;2&quot;,&quot;StateId&quot;:&quot;Delhi&quot;,&quot;Mobile&quot;:&quot;9971813600&quot;,&quot;CustomerName&quot;:&quot;Test_User&quot;,&quot;ProductId&quot;:&quot;11&quot;,&quot;ProductName&quot;:&quot;Mango&quot;,&quot;StoreId&quot;:&quot;11&quot;,&quot;Quantity&quot;:&quot;5&quot;,&quot;OrderId&quot;:&quot;1000&quot;,&quot;QueryId&quot;:&quot;1&quot;,&quot;QueryText&quot;:&quot;Product_Purchase_Intent_Given&quot;,&quot;ImageUrl1&quot;:&quot;http:\/\/abc_com\/image\/image_png&quot;,&quot;ImageUrl2&quot;:&quot;http:\/\/abc_com\/image\/image_png&quot;,&quot;TestName&quot;:&quot;Test_Mail&quot;}] => 
        )

)

2018-03-14 6:23:40 - {"ServiceType":"2","StateId":"Delhi","Mobile":"9971813600","CustomerName":"Test User","ProductId":"11","ProductName":"Mango","StoreId":"11","Quantity":"5","OrderId":"1000","QueryId":"1","QueryText":"Product Purchase Intent Given","ImageUrl1":"http:\/\/abc.com\/image\/image.png","ImageUrl2":"http:\/\/abc.com\/image\/image.png","TestName":"Test Mail"}
2018-03-14 6:23:40 - Array
(
    [ServiceType] => 2
    [StateId] => Delhi
    [Mobile] => 9971813600
    [CustomerName] => Test User
    [ProductId] => 11
    [ProductName] => Mango
    [StoreId] => 11
    [Quantity] => 5
    [OrderId] => 1000
    [QueryId] => 1
    [QueryText] => Product Purchase Intent Given
    [ImageUrl1] => http://abc.com/image/image.png
    [ImageUrl2] => http://abc.com/image/image.png
    [TestName] => Test Mail
)

2018-03-14 6:23:40 - Model Data: Array
2018-03-14 6:23:40 - State Data: SELECT IFNULL(GEO_ID,728) AS 'STID', IFNULL(`NAME`,'OTHER') AS 'STNM' FROM mas_pol_geo WHERE `NAME` LIKE '%Delhi%' LIMIT 0,1
2018-03-14 6:23:40 - Query Data: INSERT INTO app_services SET
			`ServiceType`='2',
			`StateId`='6',
			`StateName`='DELHI',
			`Mobile`='9971813600',
			`QueryId`='1',
			`Query`='NA',
			`ProductId`='11',
			`ProductName`='Mango',
			`OrderId`='1000',
			`Quantity`='5',
			`ImageUrl1`='http://abc.com/image/image.png',
			`ImageUrl2`='http://abc.com/image/image.png',
			`CustomerName`='Test User',
			`StoreAssigned`='0',
			`StoreName`='NA',
			`CrDate`='2018-03-14 06:23:40',
			`UpDate`='2018-03-14 06:23:40',
			`CrBy`='100',
			`UpBy`='0'
2018-03-14 6:23:40 - {"Res":1,"Msg":"Data have been recived for mobile: 9971813600 with State: Delhi and Service Type: 2"}
2018-03-14 6:24:18 - Request Object
(
    [get] => Array
        (
            [route] => api/appService
        )

    [post] => Array
        (
            [{&quot;ServiceType&quot;:&quot;2&quot;,&quot;StateId&quot;:&quot;Delhi&quot;,&quot;Mobile&quot;:&quot;9971813600&quot;,&quot;CustomerName&quot;:&quot;Test_User&quot;,&quot;ProductId&quot;:&quot;11&quot;,&quot;ProductName&quot;:&quot;Mango&quot;,&quot;StoreId&quot;:&quot;11&quot;,&quot;Quantity&quot;:&quot;5&quot;,&quot;OrderId&quot;:&quot;1000&quot;,&quot;QueryId&quot;:&quot;1&quot;,&quot;QueryText&quot;:&quot;Product_Purchase_Intent_Given&quot;,&quot;ImageUrl1&quot;:&quot;http:\/\/abc_com\/image\/image_png&quot;,&quot;ImageUrl2&quot;:&quot;http:\/\/abc_com\/image\/image_png&quot;,&quot;TestName&quot;:&quot;Test_Mail&quot;}] => 
        )

    [cookie] => Array
        (
        )

    [files] => Array
        (
        )

    [server] => Array
        (
            [USER] => apache
            [HOME] => /usr/share/httpd
            [SCRIPT_NAME] => /CRM/index.php
            [REQUEST_URI] => /CRM/index.php?route=api/appService
            [QUERY_STRING] => route=api/appService
            [REQUEST_METHOD] => POST
            [SERVER_PROTOCOL] => HTTP/1.1
            [GATEWAY_INTERFACE] => CGI/1.1
            [REMOTE_PORT] => 54374
            [SCRIPT_FILENAME] => /var/www/html/CRM/index.php
            [SERVER_ADMIN] => root@localhost
            [CONTEXT_DOCUMENT_ROOT] => /var/www/html
            [CONTEXT_PREFIX] => 
            [REQUEST_SCHEME] => http
            [DOCUMENT_ROOT] => /var/www/html
            [REMOTE_ADDR] => 192.168.1.159
            [SERVER_PORT] => 80
            [SERVER_ADDR] => 192.168.1.159
            [SERVER_NAME] => 192.168.1.159
            [SERVER_SOFTWARE] => Apache/2.4.29 (Fedora)
            [SERVER_SIGNATURE] => 
            [PATH] => /usr/local/sbin:/usr/local/bin:/usr/sbin:/usr/bin
            [CONTENT_TYPE] => application/x-www-form-urlencoded
            [CONTENT_LENGTH] => 351
            [HTTP_ACCEPT] => */*
            [HTTP_HOST] => 192.168.1.159
            [proxy-nokeepalive] => 1
            [UNIQUE_ID] => WqjAEvjTc0k2Tv7f7o3Y4AAAAIQ
            [FCGI_ROLE] => RESPONDER
            [PHP_SELF] => /CRM/index.php
            [REQUEST_TIME_FLOAT] => 1521008658.758
            [REQUEST_TIME] => 1521008658
            [HTTPS] => 
        )

    [request] => Array
        (
            [route] => api/appService
            [{&quot;ServiceType&quot;:&quot;2&quot;,&quot;StateId&quot;:&quot;Delhi&quot;,&quot;Mobile&quot;:&quot;9971813600&quot;,&quot;CustomerName&quot;:&quot;Test_User&quot;,&quot;ProductId&quot;:&quot;11&quot;,&quot;ProductName&quot;:&quot;Mango&quot;,&quot;StoreId&quot;:&quot;11&quot;,&quot;Quantity&quot;:&quot;5&quot;,&quot;OrderId&quot;:&quot;1000&quot;,&quot;QueryId&quot;:&quot;1&quot;,&quot;QueryText&quot;:&quot;Product_Purchase_Intent_Given&quot;,&quot;ImageUrl1&quot;:&quot;http:\/\/abc_com\/image\/image_png&quot;,&quot;ImageUrl2&quot;:&quot;http:\/\/abc_com\/image\/image_png&quot;,&quot;TestName&quot;:&quot;Test_Mail&quot;}] => 
        )

)

2018-03-14 6:24:18 - {"ServiceType":"2","StateId":"Delhi","Mobile":"9971813600","CustomerName":"Test User","ProductId":"11","ProductName":"Mango","StoreId":"11","Quantity":"5","OrderId":"1000","QueryId":"1","QueryText":"Product Purchase Intent Given","ImageUrl1":"http:\/\/abc.com\/image\/image.png","ImageUrl2":"http:\/\/abc.com\/image\/image.png","TestName":"Test Mail"}
2018-03-14 6:24:18 - Array
(
    [ServiceType] => 2
    [StateId] => Delhi
    [Mobile] => 9971813600
    [CustomerName] => Test User
    [ProductId] => 11
    [ProductName] => Mango
    [StoreId] => 11
    [Quantity] => 5
    [OrderId] => 1000
    [QueryId] => 1
    [QueryText] => Product Purchase Intent Given
    [ImageUrl1] => http://abc.com/image/image.png
    [ImageUrl2] => http://abc.com/image/image.png
    [TestName] => Test Mail
)

2018-03-14 6:24:18 - Model Data: Array
2018-03-14 6:24:18 - State Data: SELECT IFNULL(GEO_ID,728) AS 'STID', IFNULL(`NAME`,'OTHER') AS 'STNM' FROM mas_pol_geo WHERE `NAME` LIKE '%Delhi%' LIMIT 0,1
2018-03-14 6:24:18 - Query Data: INSERT INTO app_services SET
			`ServiceType`='2',
			`StateId`='6',
			`StateName`='DELHI',
			`Mobile`='9971813600',
			`QueryId`='1',
			`Query`='NA',
			`ProductId`='11',
			`ProductName`='Mango',
			`OrderId`='1000',
			`Quantity`='5',
			`ImageUrl1`='http://abc.com/image/image.png',
			`ImageUrl2`='http://abc.com/image/image.png',
			`CustomerName`='Test User',
			`StoreAssigned`='0',
			`StoreName`='NA',
			`CrDate`='2018-03-14 06:24:18',
			`UpDate`='2018-03-14 06:24:18',
			`CrBy`='100',
			`UpBy`='0'
2018-03-14 6:24:18 - {"Res":1,"Msg":"Data have been recived for mobile: 9971813600 with State: Delhi and Service Type: 2"}
2018-03-14 6:32:26 - Request Object
(
    [get] => Array
        (
            [route] => api/appService
        )

    [post] => Array
        (
            [{&quot;ServiceType&quot;:&quot;2&quot;,&quot;StateId&quot;:&quot;Delhi&quot;,&quot;Mobile&quot;:&quot;9971813600&quot;,&quot;CustomerName&quot;:&quot;Test_User&quot;,&quot;ProductId&quot;:&quot;11&quot;,&quot;ProductName&quot;:&quot;Mango&quot;,&quot;StoreId&quot;:&quot;11&quot;,&quot;Quantity&quot;:&quot;5&quot;,&quot;OrderId&quot;:&quot;1000&quot;,&quot;QueryId&quot;:&quot;1&quot;,&quot;QueryText&quot;:&quot;Product_Purchase_Intent_Given&quot;,&quot;ImageUrl1&quot;:&quot;http:\/\/abc_com\/image\/image_png&quot;,&quot;ImageUrl2&quot;:&quot;http:\/\/abc_com\/image\/image_png&quot;,&quot;TestName&quot;:&quot;Test_Mail&quot;}] => 
        )

    [cookie] => Array
        (
        )

    [files] => Array
        (
        )

    [server] => Array
        (
            [USER] => apache
            [HOME] => /usr/share/httpd
            [SCRIPT_NAME] => /CRM/index.php
            [REQUEST_URI] => /CRM/index.php?route=api/appService
            [QUERY_STRING] => route=api/appService
            [REQUEST_METHOD] => POST
            [SERVER_PROTOCOL] => HTTP/1.1
            [GATEWAY_INTERFACE] => CGI/1.1
            [REMOTE_PORT] => 54468
            [SCRIPT_FILENAME] => /var/www/html/CRM/index.php
            [SERVER_ADMIN] => root@localhost
            [CONTEXT_DOCUMENT_ROOT] => /var/www/html
            [CONTEXT_PREFIX] => 
            [REQUEST_SCHEME] => http
            [DOCUMENT_ROOT] => /var/www/html
            [REMOTE_ADDR] => 192.168.1.159
            [SERVER_PORT] => 80
            [SERVER_ADDR] => 192.168.1.159
            [SERVER_NAME] => 192.168.1.159
            [SERVER_SOFTWARE] => Apache/2.4.29 (Fedora)
            [SERVER_SIGNATURE] => 
            [PATH] => /usr/local/sbin:/usr/local/bin:/usr/sbin:/usr/bin
            [CONTENT_TYPE] => application/x-www-form-urlencoded
            [CONTENT_LENGTH] => 351
            [HTTP_ACCEPT] => */*
            [HTTP_HOST] => 192.168.1.159
            [proxy-nokeepalive] => 1
            [UNIQUE_ID] => WqjB@vjTc0k2Tv7f7o3Y4QAAAIc
            [FCGI_ROLE] => RESPONDER
            [PHP_SELF] => /CRM/index.php
            [REQUEST_TIME_FLOAT] => 1521009146.9315
            [REQUEST_TIME] => 1521009146
            [HTTPS] => 
        )

    [request] => Array
        (
            [route] => api/appService
            [{&quot;ServiceType&quot;:&quot;2&quot;,&quot;StateId&quot;:&quot;Delhi&quot;,&quot;Mobile&quot;:&quot;9971813600&quot;,&quot;CustomerName&quot;:&quot;Test_User&quot;,&quot;ProductId&quot;:&quot;11&quot;,&quot;ProductName&quot;:&quot;Mango&quot;,&quot;StoreId&quot;:&quot;11&quot;,&quot;Quantity&quot;:&quot;5&quot;,&quot;OrderId&quot;:&quot;1000&quot;,&quot;QueryId&quot;:&quot;1&quot;,&quot;QueryText&quot;:&quot;Product_Purchase_Intent_Given&quot;,&quot;ImageUrl1&quot;:&quot;http:\/\/abc_com\/image\/image_png&quot;,&quot;ImageUrl2&quot;:&quot;http:\/\/abc_com\/image\/image_png&quot;,&quot;TestName&quot;:&quot;Test_Mail&quot;}] => 
        )

)

2018-03-14 6:32:26 - {"ServiceType":"2","StateId":"Delhi","Mobile":"9971813600","CustomerName":"Test User","ProductId":"11","ProductName":"Mango","StoreId":"11","Quantity":"5","OrderId":"1000","QueryId":"1","QueryText":"Product Purchase Intent Given","ImageUrl1":"http:\/\/abc.com\/image\/image.png","ImageUrl2":"http:\/\/abc.com\/image\/image.png","TestName":"Test Mail"}
2018-03-14 6:32:26 - Array
(
    [ServiceType] => 2
    [StateId] => Delhi
    [Mobile] => 9971813600
    [CustomerName] => Test User
    [ProductId] => 11
    [ProductName] => Mango
    [StoreId] => 11
    [Quantity] => 5
    [OrderId] => 1000
    [QueryId] => 1
    [QueryText] => Product Purchase Intent Given
    [ImageUrl1] => http://abc.com/image/image.png
    [ImageUrl2] => http://abc.com/image/image.png
    [TestName] => Test Mail
)

2018-03-14 6:32:26 - Model Data: Array
2018-03-14 6:32:26 - State Data: SELECT IFNULL(GEO_ID,728) AS 'STID', IFNULL(`NAME`,'OTHER') AS 'STNM' FROM mas_pol_geo WHERE `NAME` LIKE '%Delhi%' LIMIT 0,1
2018-03-14 6:32:26 - Query Data: INSERT INTO app_services SET
			`ServiceType`='2',
			`StateId`='6',
			`StateName`='DELHI',
			`Mobile`='9971813600',
			`QueryId`='1',
			`Query`='NA',
			`ProductId`='11',
			`ProductName`='Mango',
			`OrderId`='1000',
			`Quantity`='5',
			`ImageUrl1`='http://abc.com/image/image.png',
			`ImageUrl2`='http://abc.com/image/image.png',
			`CustomerName`='Test User',
			`StoreAssigned`='0',
			`StoreName`='NA',
			`CrDate`='2018-03-14 06:32:26',
			`UpDate`='2018-03-14 06:32:26',
			`CrBy`='100',
			`UpBy`='0'
2018-03-14 6:32:26 - {"Res":1,"Msg":"Data have been recived for mobile: 9971813600 with State: Delhi and Service Type: 2"}
2018-03-14 6:32:55 - Request Object
(
    [get] => Array
        (
            [route] => api/appService
        )

    [post] => Array
        (
            [{&quot;ServiceType&quot;:&quot;3&quot;,&quot;StateId&quot;:&quot;Delhi&quot;,&quot;Mobile&quot;:&quot;9971813600&quot;,&quot;CustomerName&quot;:&quot;Test_User&quot;,&quot;ProductId&quot;:&quot;11&quot;,&quot;ProductName&quot;:&quot;Mango&quot;,&quot;StoreId&quot;:&quot;11&quot;,&quot;Quantity&quot;:&quot;5&quot;,&quot;OrderId&quot;:&quot;1000&quot;,&quot;QueryId&quot;:&quot;1&quot;,&quot;QueryText&quot;:&quot;Product_Purchase_Intent_Given&quot;,&quot;ImageUrl1&quot;:&quot;http:\/\/abc_com\/image\/image_png&quot;,&quot;ImageUrl2&quot;:&quot;http:\/\/abc_com\/image\/image_png&quot;,&quot;TestName&quot;:&quot;Test_Mail&quot;}] => 
        )

    [cookie] => Array
        (
        )

    [files] => Array
        (
        )

    [server] => Array
        (
            [USER] => apache
            [HOME] => /usr/share/httpd
            [SCRIPT_NAME] => /CRM/index.php
            [REQUEST_URI] => /CRM/index.php?route=api/appService
            [QUERY_STRING] => route=api/appService
            [REQUEST_METHOD] => POST
            [SERVER_PROTOCOL] => HTTP/1.1
            [GATEWAY_INTERFACE] => CGI/1.1
            [REMOTE_PORT] => 54504
            [SCRIPT_FILENAME] => /var/www/html/CRM/index.php
            [SERVER_ADMIN] => root@localhost
            [CONTEXT_DOCUMENT_ROOT] => /var/www/html
            [CONTEXT_PREFIX] => 
            [REQUEST_SCHEME] => http
            [DOCUMENT_ROOT] => /var/www/html
            [REMOTE_ADDR] => 192.168.1.159
            [SERVER_PORT] => 80
            [SERVER_ADDR] => 192.168.1.159
            [SERVER_NAME] => 192.168.1.159
            [SERVER_SOFTWARE] => Apache/2.4.29 (Fedora)
            [SERVER_SIGNATURE] => 
            [PATH] => /usr/local/sbin:/usr/local/bin:/usr/sbin:/usr/bin
            [CONTENT_TYPE] => application/x-www-form-urlencoded
            [CONTENT_LENGTH] => 351
            [HTTP_ACCEPT] => */*
            [HTTP_HOST] => 192.168.1.159
            [proxy-nokeepalive] => 1
            [UNIQUE_ID] => WqjCFzS2QktY9iXJ8bGURwAAAA8
            [FCGI_ROLE] => RESPONDER
            [PHP_SELF] => /CRM/index.php
            [REQUEST_TIME_FLOAT] => 1521009175.6242
            [REQUEST_TIME] => 1521009175
            [HTTPS] => 
        )

    [request] => Array
        (
            [route] => api/appService
            [{&quot;ServiceType&quot;:&quot;3&quot;,&quot;StateId&quot;:&quot;Delhi&quot;,&quot;Mobile&quot;:&quot;9971813600&quot;,&quot;CustomerName&quot;:&quot;Test_User&quot;,&quot;ProductId&quot;:&quot;11&quot;,&quot;ProductName&quot;:&quot;Mango&quot;,&quot;StoreId&quot;:&quot;11&quot;,&quot;Quantity&quot;:&quot;5&quot;,&quot;OrderId&quot;:&quot;1000&quot;,&quot;QueryId&quot;:&quot;1&quot;,&quot;QueryText&quot;:&quot;Product_Purchase_Intent_Given&quot;,&quot;ImageUrl1&quot;:&quot;http:\/\/abc_com\/image\/image_png&quot;,&quot;ImageUrl2&quot;:&quot;http:\/\/abc_com\/image\/image_png&quot;,&quot;TestName&quot;:&quot;Test_Mail&quot;}] => 
        )

)

2018-03-14 6:32:55 - {"ServiceType":"3","StateId":"Delhi","Mobile":"9971813600","CustomerName":"Test User","ProductId":"11","ProductName":"Mango","StoreId":"11","Quantity":"5","OrderId":"1000","QueryId":"1","QueryText":"Product Purchase Intent Given","ImageUrl1":"http:\/\/abc.com\/image\/image.png","ImageUrl2":"http:\/\/abc.com\/image\/image.png","TestName":"Test Mail"}
2018-03-14 6:32:55 - Array
(
    [ServiceType] => 3
    [StateId] => Delhi
    [Mobile] => 9971813600
    [CustomerName] => Test User
    [ProductId] => 11
    [ProductName] => Mango
    [StoreId] => 11
    [Quantity] => 5
    [OrderId] => 1000
    [QueryId] => 1
    [QueryText] => Product Purchase Intent Given
    [ImageUrl1] => http://abc.com/image/image.png
    [ImageUrl2] => http://abc.com/image/image.png
    [TestName] => Test Mail
)

2018-03-14 6:32:55 - Model Data: Array
2018-03-14 6:32:55 - State Data: SELECT IFNULL(GEO_ID,728) AS 'STID', IFNULL(`NAME`,'OTHER') AS 'STNM' FROM mas_pol_geo WHERE `NAME` LIKE '%Delhi%' LIMIT 0,1
2018-03-14 6:32:55 - Query Data: INSERT INTO app_services SET
			`ServiceType`='3',
			`StateId`='6',
			`StateName`='DELHI',
			`Mobile`='9971813600',
			`QueryId`='1',
			`Query`='NA',
			`ProductId`='11',
			`ProductName`='Mango',
			`OrderId`='1000',
			`Quantity`='5',
			`ImageUrl1`='http://abc.com/image/image.png',
			`ImageUrl2`='http://abc.com/image/image.png',
			`CustomerName`='Test User',
			`StoreAssigned`='0',
			`StoreName`='NA',
			`CrDate`='2018-03-14 06:32:55',
			`UpDate`='2018-03-14 06:32:55',
			`CrBy`='100',
			`UpBy`='0'
2018-03-14 6:32:55 - {"Res":1,"Msg":"Data have been recived for mobile: 9971813600 with State: Delhi and Service Type: 3"}
2018-03-14 6:33:06 - Request Object
(
    [get] => Array
        (
            [route] => api/appService
        )

    [post] => Array
        (
            [{&quot;ServiceType&quot;:&quot;1&quot;,&quot;StateId&quot;:&quot;Delhi&quot;,&quot;Mobile&quot;:&quot;9971813600&quot;,&quot;CustomerName&quot;:&quot;Test_User&quot;,&quot;ProductId&quot;:&quot;11&quot;,&quot;ProductName&quot;:&quot;Mango&quot;,&quot;StoreId&quot;:&quot;11&quot;,&quot;Quantity&quot;:&quot;5&quot;,&quot;OrderId&quot;:&quot;1000&quot;,&quot;QueryId&quot;:&quot;1&quot;,&quot;QueryText&quot;:&quot;Product_Purchase_Intent_Given&quot;,&quot;ImageUrl1&quot;:&quot;http:\/\/abc_com\/image\/image_png&quot;,&quot;ImageUrl2&quot;:&quot;http:\/\/abc_com\/image\/image_png&quot;,&quot;TestName&quot;:&quot;Test_Mail&quot;}] => 
        )

    [cookie] => Array
        (
        )

    [files] => Array
        (
        )

    [server] => Array
        (
            [USER] => apache
            [HOME] => /usr/share/httpd
            [SCRIPT_NAME] => /CRM/index.php
            [REQUEST_URI] => /CRM/index.php?route=api/appService
            [QUERY_STRING] => route=api/appService
            [REQUEST_METHOD] => POST
            [SERVER_PROTOCOL] => HTTP/1.1
            [GATEWAY_INTERFACE] => CGI/1.1
            [REMOTE_PORT] => 54536
            [SCRIPT_FILENAME] => /var/www/html/CRM/index.php
            [SERVER_ADMIN] => root@localhost
            [CONTEXT_DOCUMENT_ROOT] => /var/www/html
            [CONTEXT_PREFIX] => 
            [REQUEST_SCHEME] => http
            [DOCUMENT_ROOT] => /var/www/html
            [REMOTE_ADDR] => 192.168.1.159
            [SERVER_PORT] => 80
            [SERVER_ADDR] => 192.168.1.159
            [SERVER_NAME] => 192.168.1.159
            [SERVER_SOFTWARE] => Apache/2.4.29 (Fedora)
            [SERVER_SIGNATURE] => 
            [PATH] => /usr/local/sbin:/usr/local/bin:/usr/sbin:/usr/bin
            [CONTENT_TYPE] => application/x-www-form-urlencoded
            [CONTENT_LENGTH] => 351
            [HTTP_ACCEPT] => */*
            [HTTP_HOST] => 192.168.1.159
            [proxy-nokeepalive] => 1
            [UNIQUE_ID] => WqjCIjS2QktY9iXJ8bGUSAAAABM
            [FCGI_ROLE] => RESPONDER
            [PHP_SELF] => /CRM/index.php
            [REQUEST_TIME_FLOAT] => 1521009186.2105
            [REQUEST_TIME] => 1521009186
            [HTTPS] => 
        )

    [request] => Array
        (
            [route] => api/appService
            [{&quot;ServiceType&quot;:&quot;1&quot;,&quot;StateId&quot;:&quot;Delhi&quot;,&quot;Mobile&quot;:&quot;9971813600&quot;,&quot;CustomerName&quot;:&quot;Test_User&quot;,&quot;ProductId&quot;:&quot;11&quot;,&quot;ProductName&quot;:&quot;Mango&quot;,&quot;StoreId&quot;:&quot;11&quot;,&quot;Quantity&quot;:&quot;5&quot;,&quot;OrderId&quot;:&quot;1000&quot;,&quot;QueryId&quot;:&quot;1&quot;,&quot;QueryText&quot;:&quot;Product_Purchase_Intent_Given&quot;,&quot;ImageUrl1&quot;:&quot;http:\/\/abc_com\/image\/image_png&quot;,&quot;ImageUrl2&quot;:&quot;http:\/\/abc_com\/image\/image_png&quot;,&quot;TestName&quot;:&quot;Test_Mail&quot;}] => 
        )

)

2018-03-14 6:33:06 - {"ServiceType":"1","StateId":"Delhi","Mobile":"9971813600","CustomerName":"Test User","ProductId":"11","ProductName":"Mango","StoreId":"11","Quantity":"5","OrderId":"1000","QueryId":"1","QueryText":"Product Purchase Intent Given","ImageUrl1":"http:\/\/abc.com\/image\/image.png","ImageUrl2":"http:\/\/abc.com\/image\/image.png","TestName":"Test Mail"}
2018-03-14 6:33:06 - Array
(
    [ServiceType] => 1
    [StateId] => Delhi
    [Mobile] => 9971813600
    [CustomerName] => Test User
    [ProductId] => 11
    [ProductName] => Mango
    [StoreId] => 11
    [Quantity] => 5
    [OrderId] => 1000
    [QueryId] => 1
    [QueryText] => Product Purchase Intent Given
    [ImageUrl1] => http://abc.com/image/image.png
    [ImageUrl2] => http://abc.com/image/image.png
    [TestName] => Test Mail
)

2018-03-14 6:33:06 - Model Data: Array
2018-03-14 6:33:06 - State Data: SELECT IFNULL(GEO_ID,728) AS 'STID', IFNULL(`NAME`,'OTHER') AS 'STNM' FROM mas_pol_geo WHERE `NAME` LIKE '%Delhi%' LIMIT 0,1
2018-03-14 6:33:06 - Query Data: INSERT INTO app_services SET
			`ServiceType`='1',
			`StateId`='6',
			`StateName`='DELHI',
			`Mobile`='9971813600',
			`QueryId`='1',
			`Query`='NA',
			`ProductId`='11',
			`ProductName`='Mango',
			`OrderId`='1000',
			`Quantity`='5',
			`ImageUrl1`='http://abc.com/image/image.png',
			`ImageUrl2`='http://abc.com/image/image.png',
			`CustomerName`='Test User',
			`StoreAssigned`='0',
			`StoreName`='NA',
			`CrDate`='2018-03-14 06:33:06',
			`UpDate`='2018-03-14 06:33:06',
			`CrBy`='100',
			`UpBy`='0'
2018-03-14 6:33:06 - {"Res":1,"Msg":"Data have been recived for mobile: 9971813600 with State: Delhi and Service Type: 1"}
2018-03-14 6:33:15 - Request Object
(
    [get] => Array
        (
            [route] => api/appService
        )

    [post] => Array
        (
            [{&quot;ServiceType&quot;:&quot;4&quot;,&quot;StateId&quot;:&quot;Delhi&quot;,&quot;Mobile&quot;:&quot;9971813600&quot;,&quot;CustomerName&quot;:&quot;Test_User&quot;,&quot;ProductId&quot;:&quot;11&quot;,&quot;ProductName&quot;:&quot;Mango&quot;,&quot;StoreId&quot;:&quot;11&quot;,&quot;Quantity&quot;:&quot;5&quot;,&quot;OrderId&quot;:&quot;1000&quot;,&quot;QueryId&quot;:&quot;1&quot;,&quot;QueryText&quot;:&quot;Product_Purchase_Intent_Given&quot;,&quot;ImageUrl1&quot;:&quot;http:\/\/abc_com\/image\/image_png&quot;,&quot;ImageUrl2&quot;:&quot;http:\/\/abc_com\/image\/image_png&quot;,&quot;TestName&quot;:&quot;Test_Mail&quot;}] => 
        )

    [cookie] => Array
        (
        )

    [files] => Array
        (
        )

    [server] => Array
        (
            [USER] => apache
            [HOME] => /usr/share/httpd
            [SCRIPT_NAME] => /CRM/index.php
            [REQUEST_URI] => /CRM/index.php?route=api/appService
            [QUERY_STRING] => route=api/appService
            [REQUEST_METHOD] => POST
            [SERVER_PROTOCOL] => HTTP/1.1
            [GATEWAY_INTERFACE] => CGI/1.1
            [REMOTE_PORT] => 54562
            [SCRIPT_FILENAME] => /var/www/html/CRM/index.php
            [SERVER_ADMIN] => root@localhost
            [CONTEXT_DOCUMENT_ROOT] => /var/www/html
            [CONTEXT_PREFIX] => 
            [REQUEST_SCHEME] => http
            [DOCUMENT_ROOT] => /var/www/html
            [REMOTE_ADDR] => 192.168.1.159
            [SERVER_PORT] => 80
            [SERVER_ADDR] => 192.168.1.159
            [SERVER_NAME] => 192.168.1.159
            [SERVER_SOFTWARE] => Apache/2.4.29 (Fedora)
            [SERVER_SIGNATURE] => 
            [PATH] => /usr/local/sbin:/usr/local/bin:/usr/sbin:/usr/bin
            [CONTENT_TYPE] => application/x-www-form-urlencoded
            [CONTENT_LENGTH] => 351
            [HTTP_ACCEPT] => */*
            [HTTP_HOST] => 192.168.1.159
            [proxy-nokeepalive] => 1
            [UNIQUE_ID] => WqjCKzS2QktY9iXJ8bGUSgAAABU
            [FCGI_ROLE] => RESPONDER
            [PHP_SELF] => /CRM/index.php
            [REQUEST_TIME_FLOAT] => 1521009195.9542
            [REQUEST_TIME] => 1521009195
            [HTTPS] => 
        )

    [request] => Array
        (
            [route] => api/appService
            [{&quot;ServiceType&quot;:&quot;4&quot;,&quot;StateId&quot;:&quot;Delhi&quot;,&quot;Mobile&quot;:&quot;9971813600&quot;,&quot;CustomerName&quot;:&quot;Test_User&quot;,&quot;ProductId&quot;:&quot;11&quot;,&quot;ProductName&quot;:&quot;Mango&quot;,&quot;StoreId&quot;:&quot;11&quot;,&quot;Quantity&quot;:&quot;5&quot;,&quot;OrderId&quot;:&quot;1000&quot;,&quot;QueryId&quot;:&quot;1&quot;,&quot;QueryText&quot;:&quot;Product_Purchase_Intent_Given&quot;,&quot;ImageUrl1&quot;:&quot;http:\/\/abc_com\/image\/image_png&quot;,&quot;ImageUrl2&quot;:&quot;http:\/\/abc_com\/image\/image_png&quot;,&quot;TestName&quot;:&quot;Test_Mail&quot;}] => 
        )

)

2018-03-14 6:33:15 - {"ServiceType":"4","StateId":"Delhi","Mobile":"9971813600","CustomerName":"Test User","ProductId":"11","ProductName":"Mango","StoreId":"11","Quantity":"5","OrderId":"1000","QueryId":"1","QueryText":"Product Purchase Intent Given","ImageUrl1":"http:\/\/abc.com\/image\/image.png","ImageUrl2":"http:\/\/abc.com\/image\/image.png","TestName":"Test Mail"}
2018-03-14 6:33:15 - Array
(
    [ServiceType] => 4
    [StateId] => Delhi
    [Mobile] => 9971813600
    [CustomerName] => Test User
    [ProductId] => 11
    [ProductName] => Mango
    [StoreId] => 11
    [Quantity] => 5
    [OrderId] => 1000
    [QueryId] => 1
    [QueryText] => Product Purchase Intent Given
    [ImageUrl1] => http://abc.com/image/image.png
    [ImageUrl2] => http://abc.com/image/image.png
    [TestName] => Test Mail
)

2018-03-14 6:33:15 - Model Data: Array
2018-03-14 6:33:15 - State Data: SELECT IFNULL(GEO_ID,728) AS 'STID', IFNULL(`NAME`,'OTHER') AS 'STNM' FROM mas_pol_geo WHERE `NAME` LIKE '%Delhi%' LIMIT 0,1
2018-03-14 6:33:15 - Query Data: INSERT INTO app_services SET
			`ServiceType`='4',
			`StateId`='6',
			`StateName`='DELHI',
			`Mobile`='9971813600',
			`QueryId`='1',
			`Query`='NA',
			`ProductId`='11',
			`ProductName`='Mango',
			`OrderId`='1000',
			`Quantity`='5',
			`ImageUrl1`='http://abc.com/image/image.png',
			`ImageUrl2`='http://abc.com/image/image.png',
			`CustomerName`='Test User',
			`StoreAssigned`='0',
			`StoreName`='NA',
			`CrDate`='2018-03-14 06:33:15',
			`UpDate`='2018-03-14 06:33:15',
			`CrBy`='100',
			`UpBy`='0'
2018-03-14 6:33:15 - {"Res":1,"Msg":"Data have been recived for mobile: 9971813600 with State: Delhi and Service Type: 4"}
2018-03-14 8:40:07 - Request Object
(
    [get] => Array
        (
            [route] => api/appService
        )

    [post] => Array
        (
            [{&quot;ServiceType&quot;:&quot;4&quot;,&quot;StateId&quot;:&quot;Delhi&quot;,&quot;Mobile&quot;:&quot;9971813600&quot;,&quot;CustomerName&quot;:&quot;Test_User&quot;,&quot;ProductId&quot;:&quot;11&quot;,&quot;ProductName&quot;:&quot;Mango&quot;,&quot;StoreId&quot;:&quot;11&quot;,&quot;Quantity&quot;:&quot;5&quot;,&quot;OrderId&quot;:&quot;1000&quot;,&quot;QueryId&quot;:&quot;1&quot;,&quot;QueryText&quot;:&quot;Product_Purchase_Intent_Given&quot;,&quot;ImageUrl1&quot;:&quot;http:\/\/abc_com\/image\/image_png&quot;,&quot;ImageUrl2&quot;:&quot;http:\/\/abc_com\/image\/image_png&quot;,&quot;TestName&quot;:&quot;Test_Mail&quot;}] => 
        )

    [cookie] => Array
        (
        )

    [files] => Array
        (
        )

    [server] => Array
        (
            [USER] => apache
            [HOME] => /usr/share/httpd
            [SCRIPT_NAME] => /CRM/index.php
            [REQUEST_URI] => /CRM/index.php?route=api/appService
            [QUERY_STRING] => route=api/appService
            [REQUEST_METHOD] => POST
            [SERVER_PROTOCOL] => HTTP/1.1
            [GATEWAY_INTERFACE] => CGI/1.1
            [REMOTE_PORT] => 58884
            [SCRIPT_FILENAME] => /var/www/html/CRM/index.php
            [SERVER_ADMIN] => root@localhost
            [CONTEXT_DOCUMENT_ROOT] => /var/www/html
            [CONTEXT_PREFIX] => 
            [REQUEST_SCHEME] => http
            [DOCUMENT_ROOT] => /var/www/html
            [REMOTE_ADDR] => 192.168.1.159
            [SERVER_PORT] => 80
            [SERVER_ADDR] => 192.168.1.159
            [SERVER_NAME] => 192.168.1.159
            [SERVER_SOFTWARE] => Apache/2.4.29 (Fedora)
            [SERVER_SIGNATURE] => 
            [PATH] => /usr/local/sbin:/usr/local/bin:/usr/sbin:/usr/bin
            [CONTENT_TYPE] => application/x-www-form-urlencoded
            [CONTENT_LENGTH] => 351
            [HTTP_ACCEPT] => */*
            [HTTP_HOST] => 192.168.1.159
            [proxy-nokeepalive] => 1
            [UNIQUE_ID] => Wqjf52@WtDbY8ehG3owjVgAAAIQ
            [FCGI_ROLE] => RESPONDER
            [PHP_SELF] => /CRM/index.php
            [REQUEST_TIME_FLOAT] => 1521016807.882
            [REQUEST_TIME] => 1521016807
            [HTTPS] => 
        )

    [request] => Array
        (
            [route] => api/appService
            [{&quot;ServiceType&quot;:&quot;4&quot;,&quot;StateId&quot;:&quot;Delhi&quot;,&quot;Mobile&quot;:&quot;9971813600&quot;,&quot;CustomerName&quot;:&quot;Test_User&quot;,&quot;ProductId&quot;:&quot;11&quot;,&quot;ProductName&quot;:&quot;Mango&quot;,&quot;StoreId&quot;:&quot;11&quot;,&quot;Quantity&quot;:&quot;5&quot;,&quot;OrderId&quot;:&quot;1000&quot;,&quot;QueryId&quot;:&quot;1&quot;,&quot;QueryText&quot;:&quot;Product_Purchase_Intent_Given&quot;,&quot;ImageUrl1&quot;:&quot;http:\/\/abc_com\/image\/image_png&quot;,&quot;ImageUrl2&quot;:&quot;http:\/\/abc_com\/image\/image_png&quot;,&quot;TestName&quot;:&quot;Test_Mail&quot;}] => 
        )

)

2018-03-14 8:40:07 - {"ServiceType":"4","StateId":"Delhi","Mobile":"9971813600","CustomerName":"Test User","ProductId":"11","ProductName":"Mango","StoreId":"11","Quantity":"5","OrderId":"1000","QueryId":"1","QueryText":"Product Purchase Intent Given","ImageUrl1":"http:\/\/abc.com\/image\/image.png","ImageUrl2":"http:\/\/abc.com\/image\/image.png","TestName":"Test Mail"}
2018-03-14 8:40:07 - Array
(
    [ServiceType] => 4
    [StateId] => Delhi
    [Mobile] => 9971813600
    [CustomerName] => Test User
    [ProductId] => 11
    [ProductName] => Mango
    [StoreId] => 11
    [Quantity] => 5
    [OrderId] => 1000
    [QueryId] => 1
    [QueryText] => Product Purchase Intent Given
    [ImageUrl1] => http://abc.com/image/image.png
    [ImageUrl2] => http://abc.com/image/image.png
    [TestName] => Test Mail
)

2018-03-14 8:40:07 - Model Data: Array
2018-03-14 8:40:07 - State Data: SELECT IFNULL(GEO_ID,728) AS 'STID', IFNULL(`NAME`,'OTHER') AS 'STNM' FROM mas_pol_geo WHERE `NAME` LIKE '%Delhi%' LIMIT 0,1
2018-03-14 8:40:08 - Query Data: INSERT INTO app_services SET
			`ServiceType`='4',
			`StateId`='6',
			`StateName`='DELHI',
			`Mobile`='9971813600',
			`QueryId`='1',
			`Query`='NA',
			`ProductId`='11',
			`ProductName`='Mango',
			`OrderId`='1000',
			`Quantity`='5',
			`ImageUrl1`='http://abc.com/image/image.png',
			`ImageUrl2`='http://abc.com/image/image.png',
			`CustomerName`='Test User',
			`StoreAssigned`='0',
			`StoreName`='NA',
			`CrDate`='2018-03-14 08:40:07',
			`UpDate`='2018-03-14 08:40:07',
			`CrBy`='100',
			`UpBy`='0'
2018-03-14 8:40:08 - {"Res":1,"Msg":"Data have been recived for mobile: 9971813600 with State: Delhi and Service Type: 4"}
