2018-01-02 4:32:49 - select MOBILE,DATE_RECEIVED,IFNULL(ms_mobilestate.state,'NA') AS STATE, mas_callstatus.STATUS_NAME AS 'STATUS', arc.RTLR_CODE AS 'PIN',TOT_ATTEMPT
            from cc_incomingcall
            LEFT JOIN ms_mobilestate 
            ON (cc_incomingcall.STATE=ms_mobilestate.stateid)
            LEFT JOIN mas_callstatus
            ON (cc_incomingcall.`STATUS` = mas_callstatus.STATUS_ID)
						LEFT JOIN ak_retailers_call arc
						ON( cc_incomingcall.MOBILE = arc.MOBILE_NO)
            where cc_incomingcall.status in(18,4,6,11,12,13,22,23) 
						and cc_incomingcall.CALL_TYPE=2 
						and cc_incomingcall.KEY_PRESS=2 
						and cc_incomingcall.state in(select state_id from ak_agent_geo where cc_agent_id='18')
                                                and TOT_ATTEMPT < 3
            GROUP BY MOBILE,DATE_RECEIVED, ms_mobilestate.state,mas_callstatus.STATUS_NAME
2018-01-08 3:58:18 - select MOBILE,DATE_RECEIVED,IFNULL(ms_mobilestate.state,'NA') AS STATE, mas_callstatus.STATUS_NAME AS 'STATUS', arc.RTLR_CODE AS 'PIN',TOT_ATTEMPT
            from cc_incomingcall
            LEFT JOIN ms_mobilestate 
            ON (cc_incomingcall.STATE=ms_mobilestate.stateid)
            LEFT JOIN mas_callstatus
            ON (cc_incomingcall.`STATUS` = mas_callstatus.STATUS_ID)
						LEFT JOIN ak_retailers_call arc
						ON( cc_incomingcall.MOBILE = arc.MOBILE_NO)
            where cc_incomingcall.status in(18,4,6,11,12,13,22,23) 
						and cc_incomingcall.CALL_TYPE=2 
						and cc_incomingcall.KEY_PRESS=2 
						and cc_incomingcall.state in(select state_id from ak_agent_geo where cc_agent_id='18')
                                                and TOT_ATTEMPT < 3
            GROUP BY MOBILE,DATE_RECEIVED, ms_mobilestate.state,mas_callstatus.STATUS_NAME
2018-01-12 11:06:56 - select MOBILE,DATE_RECEIVED,IFNULL(ms_mobilestate.state,'NA') AS STATE, mas_callstatus.STATUS_NAME AS 'STATUS', arc.RTLR_CODE AS 'PIN',TOT_ATTEMPT
            from cc_incomingcall
            LEFT JOIN ms_mobilestate 
            ON (cc_incomingcall.STATE=ms_mobilestate.stateid)
            LEFT JOIN mas_callstatus
            ON (cc_incomingcall.`STATUS` = mas_callstatus.STATUS_ID)
						LEFT JOIN ak_retailers_call arc
						ON( cc_incomingcall.MOBILE = arc.MOBILE_NO)
            where cc_incomingcall.status in(18,4,6,11,12,13,22,23) 
						and cc_incomingcall.CALL_TYPE=2 
						and cc_incomingcall.KEY_PRESS=2 
						and cc_incomingcall.state in(select state_id from ak_agent_geo where cc_agent_id='18')
                                                and TOT_ATTEMPT < 3
            GROUP BY MOBILE,DATE_RECEIVED, ms_mobilestate.state,mas_callstatus.STATUS_NAME
