2018-01-30 4:57:44 - Check far Exist : select `FAR_MOBILE` from ak_farmer where `FAR_MOBILE` ='7721961676'
2018-01-30 4:57:44 - Old Farmer
2018-01-30 4:57:44 - update ak_farmer set 
                
                `FAR_ID` ='18013004574420',
                `ZO_ID` ='737',
                `RO_ID` ='755',
                `STATE_ID` ='15',
                `DISTRICT_ID` ='302',
                `MO_OFFICE` ='1191',
                `DEL_KEY_ADV_CODE` ='',
                `DEL_NAME` ='',
                `DEL_LOC` ='',
                `DEL_MOB` ='',
                `RET_NAME` ='',
                `RET_LOC` ='',
                `RET_MOB` ='',
                `FM_SID_DEL_RET` ='',
                `FAR_FIR_NAME` ='A',
                `FAR_MID_NAME` ='B',
                `FAR_LST_NAME` ='C',
                `FAR_VILL` ='V',
                `FAR_TALUKA` ='T',
                `FAR_EMAIL` ='',
                `FAR_IS_PROGRESS` ='1',
                `CROP1` ='4',
                `CROP1_ACERAGE` ='1',
                `CROP2` ='',
                `CROP2_ACERAGE` ='',
                `CROP3` ='',
                `CROP3_ACERAGE` ='',
                `IRR_ACERAGE` ='',
                `DRIP_IRR_ACERAGE` ='',
                `RAIN_IRR_ACERAGE` ='',
                `FAR_IS_SOIL_TEST` ='',
                `FAR_SOIL_TEST_YEAR` ='',
                `FAR_REMARKS` ='TEST RMARKS',
                `FAR_STATUS` ='1',
                `CALL_STATUS`= '29',
                `EMP_STATUS`= '1',
                `CR_DATE`= '2018-01-30 04:57:44',
                `CR_BY`= '17', `FAR_CODE`='NA', `FAR_LIVE`= '0',`FAR_TYPE`='NA' where `FAR_MOBILE` ='7721961676'
2018-01-30 4:57:44 - CRM_NON_ENTRY: insert into `crm_case` set
                        `CASE_ID`='18013004574420',
                        `ADV_CASE_PIN` ='0',
                        `COMP_MOBILE` ='7721961676',
                        `CR_BY` ='17',
                        `PROD_GROUP`= '2',
                        `PROD_ID` ='6',
                        `PROD_CATG` ='5',
                        `PROD_BRAND`='NA',
                        `PROD_IMP`='0',
                        `PROD_BATCH`='NA',
                        `PROD_PLANT`='NA',
                        `PROD_PAKG`='NA',
                        `COMP_CATG` ='NA',
                        `COMP_TYPE` ='NA',
                        `COMP_RA` ='0',
                        `COMP_AA` ='0',
                        `COMP_ADV` ='0',
                        `ZO_ID` ='737',
                        `RO_ID` ='755',
                        `TERR_ID` ='0',
                        `CR_SOURCE` ='2',
                        `CR_DATE`='2018-01-30 04:57:44',
                        `CASE_STATUS`='7',
                        `CASE_PRIO` ='1',
                        `DUE_DATE` ='2018-01-30',
                        `COMPLAINT_QUERY` ='QUESTION',
                        `COMPLAINT_REMARKS` ='ANS'
2018-01-30 4:57:44 - PRE_STS: select status from cc_incomingcall where mobile='7721961676' and call_type = 2 and key_press=2
2018-01-30 4:57:44 - CASE_TRANS: insert into crm_status_trans set 
                                   `CASE_ID` = '18013004574420',`CASE_MOBILE` = '7721961676',`CR_BY` = '17',`FROM_STATUS` = '23',`TO_STATUS` = '29',`UPDATE_DATE` = '2018-01-30',`UPDATE_TIME` = '04:57:44'
2018-01-30 4:57:44 - UP_CC_IN: update cc_incomingcall set status='29',tot_attempt=tot_attempt+1 where mobile='7721961676' and call_type = 2 and key_press=2
2018-01-30 4:57:52 - Check far Exist : select `FAR_MOBILE` from ak_farmer where `FAR_MOBILE` ='7721961676'
2018-01-30 4:57:52 - Old Farmer
2018-01-30 4:57:52 - update ak_farmer set 
                
                `FAR_ID` ='18013004575270',
                `ZO_ID` ='737',
                `RO_ID` ='755',
                `STATE_ID` ='15',
                `DISTRICT_ID` ='302',
                `MO_OFFICE` ='1191',
                `DEL_KEY_ADV_CODE` ='',
                `DEL_NAME` ='',
                `DEL_LOC` ='',
                `DEL_MOB` ='',
                `RET_NAME` ='',
                `RET_LOC` ='',
                `RET_MOB` ='',
                `FM_SID_DEL_RET` ='',
                `FAR_FIR_NAME` ='A',
                `FAR_MID_NAME` ='B',
                `FAR_LST_NAME` ='C',
                `FAR_VILL` ='V',
                `FAR_TALUKA` ='T',
                `FAR_EMAIL` ='',
                `FAR_IS_PROGRESS` ='1',
                `CROP1` ='4',
                `CROP1_ACERAGE` ='1',
                `CROP2` ='',
                `CROP2_ACERAGE` ='',
                `CROP3` ='',
                `CROP3_ACERAGE` ='',
                `IRR_ACERAGE` ='',
                `DRIP_IRR_ACERAGE` ='',
                `RAIN_IRR_ACERAGE` ='',
                `FAR_IS_SOIL_TEST` ='',
                `FAR_SOIL_TEST_YEAR` ='',
                `FAR_REMARKS` ='TEST RMARKS',
                `FAR_STATUS` ='1',
                `CALL_STATUS`= '29',
                `EMP_STATUS`= '1',
                `CR_DATE`= '2018-01-30 04:57:52',
                `CR_BY`= '17', `FAR_CODE`='NA', `FAR_LIVE`= '0',`FAR_TYPE`='NA' where `FAR_MOBILE` ='7721961676'
2018-01-30 4:57:52 - CRM_NON_ENTRY: insert into `crm_case` set
                        `CASE_ID`='18013004575270',
                        `ADV_CASE_PIN` ='0',
                        `COMP_MOBILE` ='7721961676',
                        `CR_BY` ='17',
                        `PROD_GROUP`= '2',
                        `PROD_ID` ='6',
                        `PROD_CATG` ='5',
                        `PROD_BRAND`='NA',
                        `PROD_IMP`='0',
                        `PROD_BATCH`='NA',
                        `PROD_PLANT`='NA',
                        `PROD_PAKG`='NA',
                        `COMP_CATG` ='NA',
                        `COMP_TYPE` ='NA',
                        `COMP_RA` ='0',
                        `COMP_AA` ='0',
                        `COMP_ADV` ='0',
                        `ZO_ID` ='737',
                        `RO_ID` ='755',
                        `TERR_ID` ='0',
                        `CR_SOURCE` ='2',
                        `CR_DATE`='2018-01-30 04:57:52',
                        `CASE_STATUS`='7',
                        `CASE_PRIO` ='2',
                        `DUE_DATE` ='2018-01-30',
                        `COMPLAINT_QUERY` ='QUESTION',
                        `COMPLAINT_REMARKS` ='ANS'
2018-01-30 4:57:52 - PRE_STS: select status from cc_incomingcall where mobile='7721961676' and call_type = 2 and key_press=2
2018-01-30 4:57:52 - CASE_TRANS: insert into crm_status_trans set 
                                   `CASE_ID` = '18013004575270',`CASE_MOBILE` = '7721961676',`CR_BY` = '17',`FROM_STATUS` = '29',`TO_STATUS` = '29',`UPDATE_DATE` = '2018-01-30',`UPDATE_TIME` = '04:57:52'
2018-01-30 4:57:52 - UP_CC_IN: update cc_incomingcall set status='29',tot_attempt=tot_attempt+1 where mobile='7721961676' and call_type = 2 and key_press=2
2018-01-30 5:01:17 - Check far Exist : select `FAR_MOBILE` from ak_farmer where `FAR_MOBILE` ='7721961676'
2018-01-30 5:01:37 - Old Farmer
2018-01-30 5:01:39 - update ak_farmer set 
                
                `FAR_ID` ='18013005010039',
                `ZO_ID` ='737',
                `RO_ID` ='755',
                `STATE_ID` ='15',
                `DISTRICT_ID` ='302',
                `MO_OFFICE` ='1191',
                `DEL_KEY_ADV_CODE` ='',
                `DEL_NAME` ='',
                `DEL_LOC` ='',
                `DEL_MOB` ='',
                `RET_NAME` ='',
                `RET_LOC` ='',
                `RET_MOB` ='',
                `FM_SID_DEL_RET` ='',
                `FAR_FIR_NAME` ='A',
                `FAR_MID_NAME` ='B',
                `FAR_LST_NAME` ='C',
                `FAR_VILL` ='V',
                `FAR_TALUKA` ='T',
                `FAR_EMAIL` ='',
                `FAR_IS_PROGRESS` ='1',
                `CROP1` ='4',
                `CROP1_ACERAGE` ='1',
                `CROP2` ='',
                `CROP2_ACERAGE` ='',
                `CROP3` ='',
                `CROP3_ACERAGE` ='',
                `IRR_ACERAGE` ='',
                `DRIP_IRR_ACERAGE` ='',
                `RAIN_IRR_ACERAGE` ='',
                `FAR_IS_SOIL_TEST` ='',
                `FAR_SOIL_TEST_YEAR` ='',
                `FAR_REMARKS` ='TEST RMARKS',
                `FAR_STATUS` ='1',
                `CALL_STATUS`= '29',
                `EMP_STATUS`= '1',
                `CR_DATE`= '2018-01-30 05:01:04',
                `CR_BY`= '17', `FAR_CODE`='NA', `FAR_LIVE`= '0',`FAR_TYPE`='NA' where `FAR_MOBILE` ='7721961676'
2018-01-30 5:01:59 - CRM_NON_ENTRY: insert into `crm_case` set
                        `CASE_ID`='18013005010039',
                        `ADV_CASE_PIN` ='0',
                        `COMP_MOBILE` ='7721961676',
                        `CR_BY` ='17',
                        `PROD_GROUP`= '2',
                        `PROD_ID` ='6',
                        `PROD_CATG` ='5',
                        `PROD_BRAND`='NA',
                        `PROD_IMP`='0',
                        `PROD_BATCH`='NA',
                        `PROD_PLANT`='NA',
                        `PROD_PAKG`='NA',
                        `COMP_CATG` ='NA',
                        `COMP_TYPE` ='NA',
                        `COMP_RA` ='0',
                        `COMP_AA` ='0',
                        `COMP_ADV` ='0',
                        `ZO_ID` ='737',
                        `RO_ID` ='755',
                        `TERR_ID` ='0',
                        `CR_SOURCE` ='2',
                        `CR_DATE`='2018-01-30 05:01:04',
                        `CASE_STATUS`='7',
                        `CASE_PRIO` ='1',
                        `DUE_DATE` ='2018-01-30',
                        `COMPLAINT_QUERY` ='QUESTION',
                        `COMPLAINT_REMARKS` ='ANSWER'
2018-01-30 5:04:56 - PRE_STS: select status from cc_incomingcall where mobile='7721961676' and call_type = 2 and key_press=2
2018-01-30 5:04:59 - CASE_TRANS: insert into crm_status_trans set 
                                   `CASE_ID` = '18013005010039',`CASE_MOBILE` = '7721961676',`CR_BY` = '17',`FROM_STATUS` = '29',`TO_STATUS` = '29',`UPDATE_DATE` = '2018-01-30',`UPDATE_TIME` = '05:01:05'
2018-01-30 5:05:07 - UP_CC_IN: update cc_incomingcall set status='29',tot_attempt=tot_attempt+1 where mobile='7721961676' and call_type = 2 and key_press=2
2018-01-30 5:15:22 - Check far Exist : select `FAR_MOBILE` from ak_farmer where `FAR_MOBILE` ='7721961676'
2018-01-30 5:15:22 - Old Farmer
2018-01-30 5:15:22 - update ak_farmer set 
                
                `FAR_ID` ='18013005152200',
                `ZO_ID` ='737',
                `RO_ID` ='755',
                `STATE_ID` ='15',
                `DISTRICT_ID` ='302',
                `MO_OFFICE` ='1191',
                `DEL_KEY_ADV_CODE` ='',
                `DEL_NAME` ='',
                `DEL_LOC` ='',
                `DEL_MOB` ='',
                `RET_NAME` ='',
                `RET_LOC` ='',
                `RET_MOB` ='',
                `FM_SID_DEL_RET` ='',
                `FAR_FIR_NAME` ='A',
                `FAR_MID_NAME` ='B',
                `FAR_LST_NAME` ='C',
                `FAR_VILL` ='V',
                `FAR_TALUKA` ='T',
                `FAR_EMAIL` ='',
                `FAR_IS_PROGRESS` ='1',
                `CROP1` ='4',
                `CROP1_ACERAGE` ='1',
                `CROP2` ='',
                `CROP2_ACERAGE` ='',
                `CROP3` ='',
                `CROP3_ACERAGE` ='',
                `IRR_ACERAGE` ='',
                `DRIP_IRR_ACERAGE` ='',
                `RAIN_IRR_ACERAGE` ='',
                `FAR_IS_SOIL_TEST` ='',
                `FAR_SOIL_TEST_YEAR` ='',
                `FAR_REMARKS` ='TEST RMARKS',
                `FAR_STATUS` ='1',
                `CALL_STATUS`= '29',
                `EMP_STATUS`= '1',
                `CR_DATE`= '2018-01-30 05:15:22',
                `CR_BY`= '17', `FAR_CODE`='NA', `FAR_LIVE`= '0',`FAR_TYPE`='NA' where `FAR_MOBILE` ='7721961676'
2018-01-30 5:15:22 - CRM_NON_ENTRY: insert into `crm_case` set
                        `CASE_ID`='18013005152200',
                        `ADV_CASE_PIN` ='0',
                        `COMP_MOBILE` ='7721961676',
                        `CR_BY` ='17',
                        `PROD_GROUP`= '2',
                        `PROD_ID` ='6',
                        `PROD_CATG` ='5',
                        `PROD_BRAND`='NA',
                        `PROD_IMP`='0',
                        `PROD_BATCH`='NA',
                        `PROD_PLANT`='NA',
                        `PROD_PAKG`='NA',
                        `COMP_CATG` ='NA',
                        `COMP_TYPE` ='NA',
                        `COMP_RA` ='0',
                        `COMP_AA` ='0',
                        `COMP_ADV` ='0',
                        `ZO_ID` ='737',
                        `RO_ID` ='755',
                        `TERR_ID` ='0',
                        `CR_SOURCE` ='2',
                        `CR_DATE`='2018-01-30 05:15:22',
                        `CASE_STATUS`='7',
                        `CASE_PRIO` ='1',
                        `DUE_DATE` ='2018-01-30',
                        `COMPLAINT_QUERY` ='QUESTION',
                        `COMPLAINT_REMARKS` ='ANSWER'
2018-01-30 5:15:22 - PRE_STS: select status from cc_incomingcall where mobile='7721961676' and call_type = 2 and key_press=2
2018-01-30 5:15:22 - CASE_TRANS: insert into crm_status_trans set 
                                   `CASE_ID` = '18013005152200',`CASE_MOBILE` = '7721961676',`CR_BY` = '17',`FROM_STATUS` = '29',`TO_STATUS` = '29',`UPDATE_DATE` = '2018-01-30',`UPDATE_TIME` = '05:15:22'
2018-01-30 5:15:22 - UP_CC_IN: update cc_incomingcall set status='29',tot_attempt=tot_attempt+1 where mobile='7721961676' and call_type = 2 and key_press=2
