2018-03-06 6:17:18 - Check far Exist : select `FAR_MOBILE` from ak_farmer where `FAR_MOBILE` ='9910077037'
2018-03-06 6:17:18 - New Farmer
2018-03-06 6:17:18 - Service_Farmer_Entry: insert into ak_farmer set 
                
                `FAR_ID` ='18030606171872',
                `ZO_ID` ='736',
                `RO_ID` ='745',
                `STATE_ID` ='28',
                `DISTRICT_ID` ='547',
                `MO_OFFICE` ='914',
                `DEL_KEY_ADV_CODE` ='',
                `DEL_NAME` ='',
                `DEL_LOC` ='',
                `DEL_MOB` ='',
                `RET_NAME` ='',
                `RET_LOC` ='',
                `RET_MOB` ='',
                `FM_SID_DEL_RET` ='',
                `FAR_FIR_NAME` ='Mr',
                `FAR_MID_NAME` ='Chetan',
                `FAR_LST_NAME` ='Singh',
                `FAR_VILL` ='Vill',
                `FAR_TALUKA` ='Taluka',
                `FAR_MOBILE` ='9910077037',
                `FAR_EMAIL` ='',
                `FAR_IS_PROGRESS` ='1',
                `CROP1` ='3',
                `CROP1_ACERAGE` ='10',
                `CROP2` ='',
                `CROP2_ACERAGE` ='',
                `CROP3` ='',
                `CROP3_ACERAGE` ='',
                `IRR_ACERAGE` ='',
                `DRIP_IRR_ACERAGE` ='',
                `RAIN_IRR_ACERAGE` ='',
                `FAR_IS_SOIL_TEST` ='',
                `FAR_SOIL_TEST_YEAR` ='',
                `FAR_REMARKS` ='Test Query',
                `FAR_STATUS` ='1',
                `CALL_STATUS`= '31',
                `EMP_STATUS`= '1',
                `CR_DATE`= '2018-03-06 06:17:18',
                `CR_BY`= '10', `FAR_CODE`='NA', `FAR_LIVE`= '0',`FAR_TYPE`='NA'
2018-03-06 6:17:18 - PRE_STS: select status from cc_incomingcall where mobile='9910077037' and call_type = 2 and key_press=2
2018-03-06 6:17:18 - CASE_TRANS: insert into crm_status_trans set 
                                   `CASE_ID` = '18030606171872',`CASE_MOBILE` = '9910077037',`CR_BY` = '10',`FROM_STATUS` = '18',`TO_STATUS` = '31',`UPDATE_DATE` = '2018-03-06',`UPDATE_TIME` = '06:17:18'
2018-03-06 6:17:18 - UP_CC_IN: update cc_incomingcall set status='31',tot_attempt=tot_attempt+1 where mobile='9910077037' and call_type = 2 and key_press=2
2018-03-06 6:42:41 - Check far Exist : select `FAR_MOBILE` from ak_farmer where `FAR_MOBILE` ='9910077037'
2018-03-06 6:42:41 - New Farmer
2018-03-06 6:42:41 - Service_Farmer_Entry: insert into ak_farmer set 
                
                `FAR_ID` ='18030606424171',
                `ZO_ID` ='736',
                `RO_ID` ='745',
                `STATE_ID` ='28',
                `DISTRICT_ID` ='547',
                `MO_OFFICE` ='914',
                `DEL_KEY_ADV_CODE` ='',
                `DEL_NAME` ='',
                `DEL_LOC` ='',
                `DEL_MOB` ='',
                `RET_NAME` ='',
                `RET_LOC` ='',
                `RET_MOB` ='',
                `FM_SID_DEL_RET` ='',
                `FAR_FIR_NAME` ='Mr',
                `FAR_MID_NAME` ='Chetan',
                `FAR_LST_NAME` ='Singh',
                `FAR_VILL` ='Vill',
                `FAR_TALUKA` ='Taluka',
                `FAR_MOBILE` ='9910077037',
                `FAR_EMAIL` ='',
                `FAR_IS_PROGRESS` ='1',
                `CROP1` ='2',
                `CROP1_ACERAGE` ='10',
                `CROP2` ='',
                `CROP2_ACERAGE` ='',
                `CROP3` ='',
                `CROP3_ACERAGE` ='',
                `IRR_ACERAGE` ='',
                `DRIP_IRR_ACERAGE` ='',
                `RAIN_IRR_ACERAGE` ='',
                `FAR_IS_SOIL_TEST` ='',
                `FAR_SOIL_TEST_YEAR` ='',
                `FAR_REMARKS` ='Test Service Query',
                `FAR_STATUS` ='1',
                `CALL_STATUS`= '31',
                `EMP_STATUS`= '1',
                `CR_DATE`= '2018-03-06 06:42:41',
                `CR_BY`= '10', `FAR_CODE`='NA', `FAR_LIVE`= '0',`FAR_TYPE`='NA'
2018-03-06 6:42:41 - Find MO: select mo_user_id from crm_mo_office where district_id='547' and mo_office_geo_code='914'
2018-03-06 6:42:41 - Find MO ID: 95
2018-03-06 6:42:41 - CRM_NON_ENTRY: insert into `crm_case` set
                        `CASE_ID`='18030606424171',
                        `ADV_CASE_PIN` ='0',
                        `COMP_MOBILE` ='9910077037',
                        `CR_BY` ='10',
                        `PROD_GROUP`= '',
                        `PROD_ID` ='',
                        `PROD_CATG` ='',
                        `PROD_BRAND`='NA',
                        `PROD_IMP`='0',
                        `PROD_BATCH`='NA',
                        `PROD_PLANT`='NA',
                        `PROD_PAKG`='NA',
                        `COMP_CATG` ='NA',
                        `COMP_TYPE` ='NA',
                        `COMP_RA` ='0',
                        `COMP_AA` ='0',
                        `COMP_ADV` ='0',
                        `ZO_ID` ='736',
                        `RO_ID` ='745',
                        `TERR_ID` ='0',
                        `MO_ID` ='914',
                        `COMP_MO` ='95',
                        `CR_SOURCE` ='2',
                        `CR_DATE`='2018-03-06 06:42:41',
                        `CASE_STATUS`='7',
                        `CASE_PRIO` ='',
                        `DUE_DATE` ='2018-03-06',
                        `COMPLAINT_QUERY` ='',
                        `COMPLAINT_REMARKS` =''
2018-03-06 6:42:41 - PRE_STS: select status from cc_incomingcall where mobile='9910077037' and call_type = 2 and key_press=2
2018-03-06 6:42:41 - CASE_TRANS: insert into crm_status_trans set 
                                   `CASE_ID` = '18030606424171',`CASE_MOBILE` = '9910077037',`CR_BY` = '10',`FROM_STATUS` = '18',`TO_STATUS` = '31',`UPDATE_DATE` = '2018-03-06',`UPDATE_TIME` = '06:42:41'
2018-03-06 6:42:41 - UP_CC_IN: update cc_incomingcall set status='31',tot_attempt=tot_attempt+1 where mobile='9910077037' and call_type = 2 and key_press=2
2018-03-06 9:31:44 - Check far Exist : select `FAR_MOBILE` from ak_farmer where `FAR_MOBILE` ='9910077037'
2018-03-06 9:31:44 - Old Farmer
2018-03-06 9:31:44 - update ak_farmer set 
                
                `FAR_ID` ='18030609314430',
                `ZO_ID` ='736',
                `RO_ID` ='745',
                `STATE_ID` ='28',
                `DISTRICT_ID` ='547',
                `MO_OFFICE` ='914',
                `DEL_KEY_ADV_CODE` ='',
                `DEL_NAME` ='',
                `DEL_LOC` ='',
                `DEL_MOB` ='',
                `RET_NAME` ='',
                `RET_LOC` ='',
                `RET_MOB` ='',
                `FM_SID_DEL_RET` ='',
                `FAR_FIR_NAME` ='Mr',
                `FAR_MID_NAME` ='Chetan',
                `FAR_LST_NAME` ='Singh',
                `FAR_VILL` ='VILL',
                `FAR_TALUKA` ='TALUKA',
                `FAR_EMAIL` ='',
                `FAR_IS_PROGRESS` ='1',
                `CROP1` ='3',
                `CROP1_ACERAGE` ='10',
                `CROP2` ='',
                `CROP2_ACERAGE` ='',
                `CROP3` ='',
                `CROP3_ACERAGE` ='',
                `IRR_ACERAGE` ='',
                `DRIP_IRR_ACERAGE` ='',
                `RAIN_IRR_ACERAGE` ='',
                `FAR_IS_SOIL_TEST` ='',
                `FAR_SOIL_TEST_YEAR` ='',
                `FAR_REMARKS` ='Test Query',
                `FAR_STATUS` ='1',
                `CALL_STATUS`= '30',
                `EMP_STATUS`= '1',
                `CR_DATE`= '2018-03-06 09:31:44',
                `CR_BY`= '10', `FAR_CODE`='NA', `FAR_LIVE`= '0',`FAR_TYPE`='NA' where `FAR_MOBILE` ='9910077037'
2018-03-06 9:31:44 - Find MO: select mo_user_id from crm_mo_office where district_id='547' and mo_office_geo_code='914'
2018-03-06 9:31:44 - Find MO ID: 89
2018-03-06 9:31:44 - CRM_NON_ENTRY: insert into `crm_case` set
                        `CASE_ID`='18030609314430',
                        `ADV_CASE_PIN` ='0',
                        `COMP_MOBILE` ='9910077037',
                        `CR_BY` ='10',
                        `PROD_GROUP`= '',
                        `PROD_ID` ='',
                        `PROD_CATG` ='',
                        `PROD_BRAND`='NA',
                        `PROD_IMP`='0',
                        `PROD_BATCH`='NA',
                        `PROD_PLANT`='NA',
                        `PROD_PAKG`='NA',
                        `COMP_CATG` ='NA',
                        `COMP_TYPE` ='NA',
                        `COMP_RA` ='0',
                        `COMP_AA` ='0',
                        `COMP_ADV` ='0',
                        `ZO_ID` ='736',
                        `RO_ID` ='745',
                        `TERR_ID` ='0',
                        `MO_ID` ='914',
                        `COMP_MO` ='89',
                        `CR_SOURCE` ='2',
                        `CR_DATE`='2018-03-06 09:31:44',
                        `CASE_STATUS`='7',
                        `CASE_PRIO` ='',
                        `DUE_DATE` ='2018-03-06',
                        `COMPLAINT_QUERY` ='Test Query',
                        `COMPLAINT_REMARKS` =''
2018-03-06 9:31:44 - PRE_STS: select status from cc_incomingcall where mobile='9910077037' and call_type = 2 and key_press=2
2018-03-06 9:31:44 - CASE_TRANS: insert into crm_status_trans set 
                                   `CASE_ID` = '18030609314430',`CASE_MOBILE` = '9910077037',`CR_BY` = '10',`FROM_STATUS` = '18',`TO_STATUS` = '30',`UPDATE_DATE` = '2018-03-06',`UPDATE_TIME` = '09:31:44'
2018-03-06 9:31:44 - UP_CC_IN: update cc_incomingcall set status='30',tot_attempt=tot_attempt+1 where mobile='9910077037' and call_type = 2 and key_press=2
