2018-03-07 4:59:50 - Check far Exist : select `FAR_MOBILE` from ak_farmer where `FAR_MOBILE` ='9910077037'
2018-03-07 4:59:50 - Old Farmer
2018-03-07 4:59:50 - update ak_farmer set 
                
                `FAR_ID` ='18030704595052',
                `ZO_ID` ='736',
                `RO_ID` ='745',
                `STATE_ID` ='28',
                `DISTRICT_ID` ='547',
                `MO_OFFICE` ='914',
                `DEL_KEY_ADV_CODE` ='',
                `DEL_NAME` ='',
                `DEL_LOC` ='',
                `DEL_MOB` ='',
                `RET_NAME` ='',
                `RET_LOC` ='',
                `RET_MOB` ='',
                `FM_SID_DEL_RET` ='',
                `FAR_FIR_NAME` ='MR',
                `FAR_MID_NAME` ='PRAMJIT',
                `FAR_LST_NAME` ='KUMAR',
                `FAR_VILL` ='VILL',
                `FAR_TALUKA` ='TALUKA',
                `FAR_EMAIL` ='',
                `FAR_IS_PROGRESS` ='1',
                `CROP1` ='3',
                `CROP1_ACERAGE` ='12',
                `CROP2` ='',
                `CROP2_ACERAGE` ='',
                `CROP3` ='',
                `CROP3_ACERAGE` ='',
                `IRR_ACERAGE` ='',
                `DRIP_IRR_ACERAGE` ='',
                `RAIN_IRR_ACERAGE` ='',
                `FAR_IS_SOIL_TEST` ='',
                `FAR_SOIL_TEST_YEAR` ='',
                `FAR_REMARKS` ='Test Complaint',
                `FAR_STATUS` ='1',
                `CALL_STATUS`= '29',
                `EMP_STATUS`= '1',
                `CR_DATE`= '2018-03-07 04:59:50',
                `CR_BY`= '10', `FAR_CODE`='NA', `FAR_LIVE`= '0',`FAR_TYPE`='NA' where `FAR_MOBILE` ='9910077037'
2018-03-07 4:59:50 - Find MO: select mo_user_id from crm_mo_office where district_id='547' and mo_office_geo_code='914'
2018-03-07 4:59:50 - Find MO ID: 89
2018-03-07 4:59:50 - CRM_NON_ENTRY: insert into `crm_case` set
                        `CASE_ID`='18030704595052',
                        `ADV_CASE_PIN` ='0',
                        `COMP_MOBILE` ='9910077037',
                        `CR_BY` ='10',
                        `PROD_GROUP`= '1',
                        `PROD_ID` ='10903',
                        `PROD_CATG` ='10900',
                        `PROD_BRAND`='NA',
                        `PROD_IMP`='0',
                        `PROD_BATCH`='NA',
                        `PROD_PLANT`='NA',
                        `PROD_PAKG`='NA',
                        `COMP_CATG` ='NA',
                        `COMP_TYPE` ='NA',
                        `COMP_RA` ='0',
                        `COMP_AA` ='0',
                        `COMP_ADV` ='0',
                        `ZO_ID` ='736',
                        `RO_ID` ='745',
                        `TERR_ID` ='0',
                        `MO_ID` ='914',
                        `COMP_MO` ='89',
                        `CR_SOURCE` ='2',
                        `CR_DATE`='2018-03-07 04:59:50',
                        `CASE_STATUS`='7',
                        `CASE_PRIO` ='',
                        `DUE_DATE` ='2018-03-07',
                        `COMPLAINT_QUERY` ='Test Complaint',
                        `COMPLAINT_REMARKS` =''
2018-03-07 4:59:50 - PRE_STS: select status from cc_incomingcall where mobile='9910077037' and call_type = 2 and key_press=2
2018-03-07 4:59:50 - CASE_TRANS: insert into crm_status_trans set 
                                   `CASE_ID` = '18030704595052',`CASE_MOBILE` = '9910077037',`CR_BY` = '10',`FROM_STATUS` = '18',`TO_STATUS` = '29',`UPDATE_DATE` = '2018-03-07',`UPDATE_TIME` = '04:59:50'
2018-03-07 4:59:50 - UP_CC_IN: update cc_incomingcall set status='29',tot_attempt=tot_attempt+1 where mobile='9910077037' and call_type = 2 and key_press=2
