2018-01-29 9:08:45 - Check far Exist : select `FAR_MOBILE` from ak_farmer where `FAR_MOBILE` ='9960462348'
2018-01-29 9:08:53 - New Farmer
2018-01-29 9:08:56 - Service_Farmer_Entry: insert into ak_farmer set 
                
                `FAR_ID` ='18012909082649',
                `ZO_ID` ='737',
                `RO_ID` ='751',
                `STATE_ID` ='16',
                `DISTRICT_ID` ='351',
                `MO_OFFICE` ='53',
                `DEL_KEY_ADV_CODE` ='',
                `DEL_NAME` ='',
                `DEL_LOC` ='',
                `DEL_MOB` ='',
                `RET_NAME` ='',
                `RET_LOC` ='',
                `RET_MOB` ='',
                `FM_SID_DEL_RET` ='',
                `FAR_FIR_NAME` ='PRAMJIT',
                `FAR_MID_NAME` ='KUMAR',
                `FAR_LST_NAME` ='KUMAR',
                `FAR_VILL` ='VILLAGE',
                `FAR_TALUKA` ='TALUKA',
                `FAR_MOBILE` ='9960462348',
                `FAR_EMAIL` ='',
                `FAR_IS_PROGRESS` ='0',
                `CROP1` ='2',
                `CROP1_ACERAGE` ='10',
                `CROP2` ='',
                `CROP2_ACERAGE` ='',
                `CROP3` ='',
                `CROP3_ACERAGE` ='',
                `IRR_ACERAGE` ='',
                `DRIP_IRR_ACERAGE` ='',
                `RAIN_IRR_ACERAGE` ='',
                `FAR_IS_SOIL_TEST` ='',
                `FAR_SOIL_TEST_YEAR` ='',
                `FAR_REMARKS` ='FARMER REMARK',
                `FAR_STATUS` ='1',
                `CALL_STATUS`= '29',
                `EMP_STATUS`= '1',
                `CR_DATE`= '2018-01-29 09:08:28',
                `CR_BY`= '17', `FAR_CODE`='NA', `FAR_LIVE`= '0',`FAR_TYPE`='NA'
2018-01-29 9:09:08 - PRE_STS: select status from cc_incomingcall where mobile='9960462348' and call_type = 2 and key_press=2
2018-01-29 9:09:12 - CASE_TRANS: insert into crm_status_trans set 
                                   `CASE_ID` = '18012909082649',`CASE_MOBILE` = '9960462348',`CR_BY` = '17',`FROM_STATUS` = '4',`TO_STATUS` = '29',`UPDATE_DATE` = '2018-01-29',`UPDATE_TIME` = '09:08:28'
2018-01-29 9:09:15 - UP_CC_IN: update cc_incomingcall set status='29',tot_attempt=tot_attempt+1 where mobile='9960462348' and call_type = 2 and key_press=2
2018-01-29 9:30:19 - Check far Exist : select `FAR_MOBILE` from ak_farmer where `FAR_MOBILE` ='9960462348'
2018-01-29 9:30:21 - New Farmer
2018-01-29 9:30:24 - Service_Farmer_Entry: insert into ak_farmer set 
                
                `FAR_ID` ='18012909295946',
                `ZO_ID` ='737',
                `RO_ID` ='751',
                `STATE_ID` ='16',
                `DISTRICT_ID` ='351',
                `MO_OFFICE` ='53',
                `DEL_KEY_ADV_CODE` ='',
                `DEL_NAME` ='',
                `DEL_LOC` ='',
                `DEL_MOB` ='',
                `RET_NAME` ='',
                `RET_LOC` ='',
                `RET_MOB` ='',
                `FM_SID_DEL_RET` ='',
                `FAR_FIR_NAME` ='PAR',
                `FAR_MID_NAME` ='JIT',
                `FAR_LST_NAME` ='KUM',
                `FAR_VILL` ='VILL',
                `FAR_TALUKA` ='TAL',
                `FAR_MOBILE` ='9960462348',
                `FAR_EMAIL` ='',
                `FAR_IS_PROGRESS` ='1',
                `CROP1` ='3',
                `CROP1_ACERAGE` ='1',
                `CROP2` ='',
                `CROP2_ACERAGE` ='',
                `CROP3` ='',
                `CROP3_ACERAGE` ='',
                `IRR_ACERAGE` ='',
                `DRIP_IRR_ACERAGE` ='',
                `RAIN_IRR_ACERAGE` ='',
                `FAR_IS_SOIL_TEST` ='',
                `FAR_SOIL_TEST_YEAR` ='',
                `FAR_REMARKS` ='TEST PRo',
                `FAR_STATUS` ='1',
                `CALL_STATUS`= '29',
                `EMP_STATUS`= '1',
                `CR_DATE`= '2018-01-29 09:30:02',
                `CR_BY`= '17', `FAR_CODE`='NA', `FAR_LIVE`= '0',`FAR_TYPE`='NA'
2018-01-29 9:30:37 - CRM_NON_ENTRY: insert into `crm_case` set
                        `CASE_ID`='18012909295946',
                        `ADV_CASE_PIN` ='0',
                        `COMP_MOBILE` ='9960462348',
                        `CR_BY` ='17',
                        `PROD_GROUP`= '1',
                        `PROD_ID` ='10903',
                        `PROD_CATG` ='10900',
                        `PROD_BRAND`='NA',
                        `PROD_IMP`='0',
                        `PROD_BATCH`='NA',
                        `PROD_PLANT`='NA',
                        `PROD_PAKG`='NA',
                        `COMP_CATG` ='NA',
                        `COMP_TYPE` ='NA',
                        `COMP_RA` ='0',
                        `COMP_AA` ='0',
                        `COMP_ADV` ='0',
                        `ZO_ID` ='737',
                        `RO_ID` ='751',
                        `TERR_ID` ='0',
                        `CR_SOURCE` ='2',
                        `CR_DATE`='2018-01-29 09:30:02',
                        `CASE_STATUS`='7',
                        `CASE_PRIO` ='0',
                        `DUE_DATE` ='2018-01-29',
                        `COMPLAINT_QUERY` ='TEST COMP',
                        `COMPLAINT_REMARKS` ='TEST COMP'
2018-01-29 9:30:41 - PRE_STS: select status from cc_incomingcall where mobile='9960462348' and call_type = 2 and key_press=2
2018-01-29 9:30:42 - CASE_TRANS: insert into crm_status_trans set 
                                   `CASE_ID` = '18012909295946',`CASE_MOBILE` = '9960462348',`CR_BY` = '17',`FROM_STATUS` = '18',`TO_STATUS` = '29',`UPDATE_DATE` = '2018-01-29',`UPDATE_TIME` = '09:30:02'
2018-01-29 9:30:46 - UP_CC_IN: update cc_incomingcall set status='29',tot_attempt=tot_attempt+1 where mobile='9960462348' and call_type = 2 and key_press=2
