2018-03-14 4:33:46 - 18013010094864
2018-03-14 4:33:46 - SELECT CRC.CASE_ID AS 'COMP_FAR', CRC.COMP_MOBILE AS 'COMP_MOB', CRC.COMPLAINT_QUERY AS 'COMP_QRY', CRC.COMP_RA,
        AKR.firstname AS 'RA_NAME', CRC.COMP_AA,AKA.firstname AS 'AA_NAME',
        DATE(CRC.CR_DATE) AS 'COMP_DATE',CRD.RA_REMARKS,CRD.RA_DATE,CRD.AA_REMARKS,CRD.AA_DATE
        FROM crm_case CRC 
        LEFT JOIN crm_case_detail CRD ON(CRC.CASE_ID=CRD.CASE_ID)
        LEFT JOIN ak_customer AKR ON (CRC.COMP_RA = AKR.customer_id)
        LEFT JOIN ak_customer AKA ON (CRC.COMP_AA = AKA.customer_id)
        WHERE CRC.CASE_ID='18013010094864' AND CRD.CASE_PRE_STATUS=2 AND CASE_CUR_STATUS=5 GROUP BY CRC.CASE_ID
2018-03-14 6:53:53 - 1111111114
2018-03-14 6:53:53 - SELECT CRC.CASE_ID AS 'COMP_FAR', CRC.COMP_MOBILE AS 'COMP_MOB', CRC.COMPLAINT_QUERY AS 'COMP_QRY', CRC.COMP_RA,
        AKR.firstname AS 'RA_NAME', CRC.COMP_AA,AKA.firstname AS 'AA_NAME',
        DATE(CRC.CR_DATE) AS 'COMP_DATE',CRD.RA_REMARKS,CRD.RA_DATE,CRD.AA_REMARKS,CRD.AA_DATE
        FROM crm_case CRC 
        LEFT JOIN crm_case_detail CRD ON(CRC.CASE_ID=CRD.CASE_ID)
        LEFT JOIN ak_customer AKR ON (CRC.COMP_RA = AKR.customer_id)
        LEFT JOIN ak_customer AKA ON (CRC.COMP_AA = AKA.customer_id)
        WHERE CRC.CASE_ID='1111111114' AND CRD.CASE_PRE_STATUS=2 AND CASE_CUR_STATUS=5 GROUP BY CRC.CASE_ID
2018-05-21 10:35:34 - 18013010094864
2018-05-21 10:35:34 - SELECT CRC.CASE_ID AS 'COMP_FAR', CRC.COMP_MOBILE AS 'COMP_MOB', CRC.COMPLAINT_QUERY AS 'COMP_QRY', CRC.COMP_RA,
        AKR.firstname AS 'RA_NAME', CRC.COMP_AA,AKA.firstname AS 'AA_NAME',
        DATE(CRC.CR_DATE) AS 'COMP_DATE',CRD.RA_REMARKS,CRD.RA_DATE,CRD.AA_REMARKS,CRD.AA_DATE
        FROM crm_case CRC 
        LEFT JOIN crm_case_detail CRD ON(CRC.CASE_ID=CRD.CASE_ID)
        LEFT JOIN ak_customer AKR ON (CRC.COMP_RA = AKR.customer_id)
        LEFT JOIN ak_customer AKA ON (CRC.COMP_AA = AKA.customer_id)
        WHERE CRC.CASE_ID='18013010094864' AND CRD.CASE_PRE_STATUS=2 AND CASE_CUR_STATUS=5 GROUP BY CRC.CASE_ID
