2018-03-14 4:33:38 - SELECT crc.case_id  AS 'CASE_ID', crc.comp_mobile AS 'MOBILE', IFNULL(msm.state,'NA')AS 'STATE', DATE(mod_date) AS 'DATE_RECEIVED'
            FROM crm_case crc
            LEFT JOIN cc_incomingcall cci ON(crc.COMP_MOBILE = cci.MOBILE)
            LEFT JOIN ms_mobilestate msm ON (cci.STATE=msm.stateid)
            WHERE crc.CASE_STATUS IN (5)
            GROUP BY crc.comp_mobile, msm.state, mod_date
2018-04-02 5:02:22 - SELECT crc.case_id  AS 'CASE_ID', crc.comp_mobile AS 'MOBILE', IFNULL(msm.state,'NA')AS 'STATE', DATE(mod_date) AS 'DATE_RECEIVED'
            FROM crm_case crc
            LEFT JOIN cc_incomingcall cci ON(crc.COMP_MOBILE = cci.MOBILE)
            LEFT JOIN ms_mobilestate msm ON (cci.STATE=msm.stateid)
            WHERE crc.CASE_STATUS IN (5)
            GROUP BY crc.comp_mobile, msm.state, mod_date
2018-04-02 5:18:51 - SELECT crc.case_id  AS 'CASE_ID', crc.comp_mobile AS 'MOBILE', IFNULL(msm.state,'NA')AS 'STATE', DATE(mod_date) AS 'DATE_RECEIVED'
            FROM crm_case crc
            LEFT JOIN cc_incomingcall cci ON(crc.COMP_MOBILE = cci.MOBILE)
            LEFT JOIN ms_mobilestate msm ON (cci.STATE=msm.stateid)
            WHERE crc.CASE_STATUS IN (5)
            GROUP BY crc.comp_mobile, msm.state, mod_date
2018-05-21 10:35:32 - SELECT crc.case_id  AS 'CASE_ID', crc.comp_mobile AS 'MOBILE', IFNULL(msm.state,'NA')AS 'STATE', DATE(mod_date) AS 'DATE_RECEIVED'
            FROM crm_case crc
            LEFT JOIN cc_incomingcall cci ON(crc.COMP_MOBILE = cci.MOBILE)
            LEFT JOIN ms_mobilestate msm ON (cci.STATE=msm.stateid)
            WHERE crc.CASE_STATUS IN (5)
            GROUP BY crc.comp_mobile, msm.state, mod_date
