2018-03-06 6:17:18 - Array
(
    [call-sts] => 31
    [emp-sts] => 1
    [del-id] => 
    [del-firm] => 
    [del-name] => 
    [del-mob] => 9910077037
    [dselst] => 
    [dseldt] => 
    [del-cat] => 
    [del-add] => 
    [del-pin] => 
    [del-adv-code] => 
    [del-mfm-code] => 
    [del_remarks] => 
    [zone] => 736
    [region] => 745
    [state] => 28
    [district] => 547
    [mooffice] => 914
    [keydealeradventcode] => 
    [keydealername] => 
    [keydealerlocation] => 
    [keydealermobile] => 
    [keyretailername] => 
    [keyretailermobile] => 
    [keyretailerlocation] => 
    [fmsidofdealer] => 
    [farmerfirstname] => Mr
    [farmermiddlename] => Chetan
    [farmerlastname] => Singh
    [farmervillage] => Vill
    [farmertaluka] => Taluka
    [farmermobile] => 9910077037
    [email] => 
    [isprogressivefarmer] => 1
    [majorcrop1] => 3
    [acreage1] => 10
    [majorcrop2] => 
    [acreage2] => 
    [majorcrop3] => 
    [acreage3] => 
    [irrigatedacreage] => 
    [dripirrigatedacreage] => 
    [rainfedacreage] => 
    [issoiltestdone] => 
    [yearofsoiltest] => 
    [remarks] => Test Query
    [ApiFarmerCode] => NA
    [ApiFarmerLive] => 0
    [ApiFarmerType] => NA
    [comcat] => 0
    [comdata] => 0
    [progrp] => 
    [procat] => 
    [pro-name] => 
    [pro-brand] => 
    [pro-imp] => 
    [pro-batch] => 
    [pro-plant] => 
    [pro-pkg-my] => 
    [comdtls] => 
)

2018-03-06 6:17:18 - Services + Farmer Section
2018-03-06 6:42:41 - Array
(
    [call-sts] => 31
    [emp-sts] => 1
    [del-id] => 
    [del-firm] => 
    [del-name] => 
    [del-mob] => 9910077037
    [dselst] => 
    [dseldt] => 
    [del-cat] => 
    [del-add] => 
    [del-pin] => 
    [del-adv-code] => 
    [del-mfm-code] => 
    [del_remarks] => 
    [zone] => 736
    [region] => 745
    [state] => 28
    [district] => 547
    [mooffice] => 914
    [keydealeradventcode] => 
    [keydealername] => 
    [keydealerlocation] => 
    [keydealermobile] => 
    [keyretailername] => 
    [keyretailermobile] => 
    [keyretailerlocation] => 
    [fmsidofdealer] => 
    [farmerfirstname] => Mr
    [farmermiddlename] => Chetan
    [farmerlastname] => Singh
    [farmervillage] => Vill
    [farmertaluka] => Taluka
    [farmermobile] => 9910077037
    [email] => 
    [isprogressivefarmer] => 1
    [majorcrop1] => 2
    [acreage1] => 10
    [majorcrop2] => 
    [acreage2] => 
    [majorcrop3] => 
    [acreage3] => 
    [irrigatedacreage] => 
    [dripirrigatedacreage] => 
    [rainfedacreage] => 
    [issoiltestdone] => 
    [yearofsoiltest] => 
    [remarks] => Test Service Query
    [ApiFarmerCode] => NA
    [ApiFarmerLive] => 0
    [ApiFarmerType] => NA
    [comcat] => 0
    [comdata] => 0
    [progrp] => 
    [procat] => 
    [pro-name] => 
    [pro-brand] => 
    [pro-imp] => 
    [pro-batch] => 
    [pro-plant] => 
    [pro-pkg-my] => 
    [comdtls] => 
)

2018-03-06 6:42:41 - Services + Farmer Section
2018-03-06 9:31:44 - Array
(
    [call-sts] => 30
    [emp-sts] => 1
    [del-id] => 
    [del-firm] => 
    [del-name] => 
    [del-mob] => 9910077037
    [dselst] => 
    [dseldt] => 
    [del-cat] => 
    [del-add] => 
    [del-pin] => 
    [del-adv-code] => 
    [del-mfm-code] => 
    [del_remarks] => 
    [zone] => 736
    [region] => 745
    [state] => 28
    [district] => 547
    [mooffice] => 914
    [keydealeradventcode] => 
    [keydealername] => 
    [keydealerlocation] => 
    [keydealermobile] => 
    [keyretailername] => 
    [keyretailermobile] => 
    [keyretailerlocation] => 
    [fmsidofdealer] => 
    [farmerfirstname] => Mr
    [farmermiddlename] => Chetan
    [farmerlastname] => Singh
    [farmervillage] => VILL
    [farmertaluka] => TALUKA
    [farmermobile] => 9910077037
    [email] => 
    [isprogressivefarmer] => 1
    [majorcrop1] => 3
    [acreage1] => 10
    [majorcrop2] => 
    [acreage2] => 
    [majorcrop3] => 
    [acreage3] => 
    [irrigatedacreage] => 
    [dripirrigatedacreage] => 
    [rainfedacreage] => 
    [issoiltestdone] => 
    [yearofsoiltest] => 
    [remarks] => Test Query
    [ApiFarmerCode] => NA
    [ApiFarmerLive] => 0
    [ApiFarmerType] => NA
    [comcat] => 0
    [comdata] => 0
    [progrp] => 
    [procat] => 
    [pro-name] => 
    [pro-brand] => 
    [pro-imp] => 
    [pro-batch] => 
    [pro-plant] => 
    [pro-pkg-my] => 
    [comdtls] => 
)

2018-03-06 9:31:44 - Services + Farmer Section
