2018-03-07 4:59:50 - Array
(
    [call-sts] => 29
    [emp-sts] => 1
    [del-id] => 
    [del-firm] => 
    [del-name] => 
    [del-mob] => 9910077037
    [dselst] => 
    [dseldt] => 
    [del-cat] => 
    [del-add] => 
    [del-pin] => 
    [del-adv-code] => 
    [del-mfm-code] => 
    [del_remarks] => 
    [zone] => 736
    [region] => 745
    [state] => 28
    [district] => 547
    [mooffice] => 914
    [keydealeradventcode] => 
    [keydealername] => 
    [keydealerlocation] => 
    [keydealermobile] => 
    [keyretailername] => 
    [keyretailermobile] => 
    [keyretailerlocation] => 
    [fmsidofdealer] => 
    [farmerfirstname] => MR
    [farmermiddlename] => PRAMJIT
    [farmerlastname] => KUMAR
    [farmervillage] => VILL
    [farmertaluka] => TALUKA
    [farmermobile] => 9910077037
    [email] => 
    [isprogressivefarmer] => 1
    [majorcrop1] => 3
    [acreage1] => 12
    [majorcrop2] => 
    [acreage2] => 
    [majorcrop3] => 
    [acreage3] => 
    [irrigatedacreage] => 
    [dripirrigatedacreage] => 
    [rainfedacreage] => 
    [issoiltestdone] => 
    [yearofsoiltest] => 
    [remarks] => Test Complaint
    [ApiFarmerCode] => NA
    [ApiFarmerLive] => 0
    [ApiFarmerType] => NA
    [comcat] => 0
    [comdata] => 0
    [progrp] => 1
    [procat] => 10900
    [pro-name] => 10903
    [pro-brand] => Jai Kisaan Super 16
    [pro-imp] => 
    [pro-batch] => 
    [pro-plant] => 
    [pro-pkg-my] => 
    [comdtls] => Test Complaint
)

2018-03-07 4:59:50 - Services + Farmer Section
