2018-01-29 9:08:05 - Array
(
    [call-sts] => 29
    [emp-sts] => 1
    [del-id] => 
    [del-firm] => 
    [del-name] => 
    [del-mob] => 9960462348
    [dselst] => 
    [dseldt] => 
    [del-cat] => 
    [del-add] => 
    [del-pin] => 
    [del-adv-code] => 
    [del-mfm-code] => 
    [del_remarks] => 
    [zone] => 737
    [region] => 751
    [state] => 16
    [district] => 351
    [mooffice] => 53
    [keydealeradventcode] => 
    [keydealername] => 
    [keydealerlocation] => 
    [keydealermobile] => 
    [keyretailername] => 
    [keyretailermobile] => 
    [keyretailerlocation] => 
    [fmsidofdealer] => 
    [farmerfirstname] => PRAMJIT
    [farmermiddlename] => KUMAR
    [farmerlastname] => KUMAR
    [farmervillage] => VILLAGE
    [farmertaluka] => TALUKA
    [farmermobile] => 9960462348
    [email] => 
    [isprogressivefarmer] => 0
    [majorcrop1] => 2
    [acreage1] => 10
    [majorcrop2] => 
    [acreage2] => 
    [majorcrop3] => 
    [acreage3] => 
    [irrigatedacreage] => 
    [dripirrigatedacreage] => 
    [rainfedacreage] => 
    [issoiltestdone] => 
    [yearofsoiltest] => 
    [remarks] => FARMER REMARK
    [ApiFarmerCode] => NA
    [ApiFarmerLive] => 0
    [ApiFarmerType] => NA
    [comcat] => 0
    [comdata] => 0
    [progrp] => 1
    [procat] => 10900
    [pro-name] => 10903
    [pro-brand] => Jai Kisaan Super 16
    [pro-imp] => 
    [pro-batch] => 
    [pro-plant] => 
    [pro-pkg-my] => 
    [comdtls] => ABC
)

2018-01-29 9:08:37 - Services + Farmer Section
2018-01-29 9:28:06 - Array
(
    [call-sts] => 29
    [emp-sts] => 1
    [del-id] => 
    [del-firm] => 
    [del-name] => 
    [del-mob] => 9960462348
    [dselst] => 
    [dseldt] => 
    [del-cat] => 
    [del-add] => 
    [del-pin] => 
    [del-adv-code] => 
    [del-mfm-code] => 
    [del_remarks] => 
    [zone] => 737
    [region] => 751
    [state] => 16
    [district] => 351
    [mooffice] => 53
    [keydealeradventcode] => 
    [keydealername] => 
    [keydealerlocation] => 
    [keydealermobile] => 
    [keyretailername] => 
    [keyretailermobile] => 
    [keyretailerlocation] => 
    [fmsidofdealer] => 
    [farmerfirstname] => PAR
    [farmermiddlename] => JIT
    [farmerlastname] => KUM
    [farmervillage] => VILL
    [farmertaluka] => TAL
    [farmermobile] => 9960462348
    [email] => 
    [isprogressivefarmer] => 1
    [majorcrop1] => 3
    [acreage1] => 1
    [majorcrop2] => 
    [acreage2] => 
    [majorcrop3] => 
    [acreage3] => 
    [irrigatedacreage] => 
    [dripirrigatedacreage] => 
    [rainfedacreage] => 
    [issoiltestdone] => 
    [yearofsoiltest] => 
    [remarks] => TEST PRo
    [ApiFarmerCode] => NA
    [ApiFarmerLive] => 0
    [ApiFarmerType] => NA
    [comcat] => 0
    [comdata] => 0
    [progrp] => 1
    [procat] => 10900
    [pro-name] => 10903
    [pro-brand] => 
    [pro-imp] => 
    [pro-batch] => 
    [pro-plant] => 
    [pro-pkg-my] => 
    [comdtls] => TEST COMP
)

2018-01-29 9:30:17 - Services + Farmer Section
