2018-03-08 8:43:11 - Array
(
    [call-sts] => 29
    [emp-sts] => 1
    [del-id] => 
    [del-firm] => Rakesh
    [del-name] => 
    [del-mob] => 9910077037
    [dselst] => 
    [dseldt] => 
    [dmooffice] => 0
    [del-cat] => 
    [del-add] => 
    [del-pin] => 
    [del-adv-code] => 
    [del-mfm-code] => 
    [del_remarks] => 
    [zone] => 736
    [region] => 745
    [state] => 28
    [district] => 547
    [mooffice] => 914
    [keydealeradventcode] => 
    [keydealername] => 
    [keydealerlocation] => 
    [keydealermobile] => 
    [keyretailername] => 
    [keyretailermobile] => 
    [keyretailerlocation] => 
    [fmsidofdealer] => 
    [farmerfirstname] => Rakesh
    [farmermiddlename] => Sharma
    [farmerlastname] => Sharma
    [farmervillage] => rdfsd
    [farmertaluka] => sdfgsdf
    [farmermobile] => 9910077037
    [email] => 
    [isprogressivefarmer] => 1
    [majorcrop1] => 2
    [acreage1] => 12
    [majorcrop2] => 
    [acreage2] => 
    [majorcrop3] => 
    [acreage3] => 
    [irrigatedacreage] => 
    [dripirrigatedacreage] => 
    [rainfedacreage] => 
    [issoiltestdone] => 
    [yearofsoiltest] => 
    [remarks] => Test profile Remarks
    [ApiFarmerCode] => NA
    [ApiFarmerLive] => 0
    [ApiFarmerType] => NA
    [comcat] => 0
    [comdata] => 0
    [progrp] => 1
    [procat] => 10900
    [pro-name] => 10903
    [pro-brand] => Jai Kisaan Super 16
    [pro-imp] => 
    [pro-batch] => 
    [pro-plant] => 
    [pro-pkg-my] => 
    [comdtls] => Test Complain
    [non-com-sol] => 1
    [non-com-sol-txt] => Test Solution
)

2018-03-08 8:43:11 - Services + Farmer Section
2018-03-08 9:17:48 - Array
(
    [call-sts] => 29
    [emp-sts] => 2
    [del-id] => 
    [del-firm] => AKSHA
    [del-name] => CHETAN SINGH
    [del-mob] => 9910077037
    [dselst] => 28
    [dseldt] => 547
    [dmooffice] => 914
    [del-cat] => 
    [del-add] => 
    [del-pin] => 
    [del-adv-code] => 
    [del-mfm-code] => 
    [del_remarks] => Test Profile Remarks
    [zone] => 736
    [region] => 745
    [state] => 28
    [district] => 
    [mooffice] => 
    [keydealeradventcode] => 
    [keydealername] => 
    [keydealerlocation] => 
    [keydealermobile] => 
    [keyretailername] => 
    [keyretailermobile] => 
    [keyretailerlocation] => 
    [fmsidofdealer] => 
    [farmerfirstname] => 
    [farmermiddlename] => 
    [farmerlastname] => 
    [farmervillage] => 
    [farmertaluka] => 
    [farmermobile] => 9910077037
    [email] => 
    [isprogressivefarmer] => 
    [majorcrop1] => 
    [acreage1] => 
    [majorcrop2] => 
    [acreage2] => 
    [majorcrop3] => 
    [acreage3] => 
    [irrigatedacreage] => 
    [dripirrigatedacreage] => 
    [rainfedacreage] => 
    [issoiltestdone] => 
    [yearofsoiltest] => 
    [remarks] => 
    [ApiFarmerCode] => NA
    [ApiFarmerLive] => 0
    [ApiFarmerType] => NA
    [comcat] => 0
    [comdata] => 0
    [progrp] => 1
    [procat] => 10900
    [pro-name] => 10903
    [pro-brand] => Jai Kisaan Super 16
    [pro-imp] => 
    [pro-batch] => 
    [pro-plant] => 
    [pro-pkg-my] => 
    [comdtls] => Test Complaints Data
    [non-com-sol] => 2
    [non-com-sol-txt] => 
)

2018-03-08 9:17:48 - Services + Dealer Section
2018-03-08 9:35:12 - Array
(
    [call-sts] => 29
    [emp-sts] => 2
    [del-id] => 
    [del-firm] => Mr Rakesh firm
    [del-name] => Mr Rakesh
    [del-mob] => 9910077037
    [dselst] => 28
    [dseldt] => 547
    [dmooffice] => 914
    [del-cat] => 1
    [del-add] => 
    [del-pin] => 
    [del-adv-code] => 
    [del-mfm-code] => 
    [del_remarks] => Test profile
    [zone] => 736
    [region] => 745
    [state] => 28
    [district] => 
    [mooffice] => 
    [keydealeradventcode] => 
    [keydealername] => 
    [keydealerlocation] => 
    [keydealermobile] => 
    [keyretailername] => 
    [keyretailermobile] => 
    [keyretailerlocation] => 
    [fmsidofdealer] => 
    [farmerfirstname] => 
    [farmermiddlename] => 
    [farmerlastname] => 
    [farmervillage] => 
    [farmertaluka] => 
    [farmermobile] => 9910077037
    [email] => 
    [isprogressivefarmer] => 
    [majorcrop1] => 
    [acreage1] => 
    [majorcrop2] => 
    [acreage2] => 
    [majorcrop3] => 
    [acreage3] => 
    [irrigatedacreage] => 
    [dripirrigatedacreage] => 
    [rainfedacreage] => 
    [issoiltestdone] => 
    [yearofsoiltest] => 
    [remarks] => 
    [ApiFarmerCode] => NA
    [ApiFarmerLive] => 0
    [ApiFarmerType] => NA
    [comcat] => 0
    [comdata] => 0
    [progrp] => 1
    [procat] => 10900
    [pro-name] => 10903
    [pro-brand] => Jai Kisaan Super 16
    [pro-imp] => 
    [pro-batch] => 
    [pro-plant] => 
    [pro-pkg-my] => 
    [comdtls] => Test Complaint
    [non-com-sol] => 2
    [non-com-sol-txt] => 
)

2018-03-08 9:35:12 - Services + Dealer Section
2018-03-08 9:40:54 - Array
(
    [call-sts] => 29
    [emp-sts] => 2
    [del-id] => 
    [del-firm] => Mr Chetan FIRM
    [del-name] => Mr Chetan Singh
    [del-mob] => 9910077037
    [dselst] => 28
    [dseldt] => 547
    [dmooffice] => 914
    [del-cat] => 1
    [del-add] => 
    [del-pin] => 
    [del-adv-code] => 
    [del-mfm-code] => 
    [del_remarks] => Test profile
    [zone] => 736
    [region] => 745
    [state] => 28
    [district] => 
    [mooffice] => 
    [keydealeradventcode] => 
    [keydealername] => 
    [keydealerlocation] => 
    [keydealermobile] => 
    [keyretailername] => 
    [keyretailermobile] => 
    [keyretailerlocation] => 
    [fmsidofdealer] => 
    [farmerfirstname] => 
    [farmermiddlename] => 
    [farmerlastname] => 
    [farmervillage] => 
    [farmertaluka] => 
    [farmermobile] => 9910077037
    [email] => 
    [isprogressivefarmer] => 
    [majorcrop1] => 
    [acreage1] => 
    [majorcrop2] => 
    [acreage2] => 
    [majorcrop3] => 
    [acreage3] => 
    [irrigatedacreage] => 
    [dripirrigatedacreage] => 
    [rainfedacreage] => 
    [issoiltestdone] => 
    [yearofsoiltest] => 
    [remarks] => 
    [ApiFarmerCode] => NA
    [ApiFarmerLive] => 0
    [ApiFarmerType] => NA
    [comcat] => 0
    [comdata] => 0
    [progrp] => 1
    [procat] => 10900
    [pro-name] => 10903
    [pro-brand] => Jai Kisaan Super 16
    [pro-imp] => 
    [pro-batch] => 
    [pro-plant] => 
    [pro-pkg-my] => 
    [comdtls] => Test Complaint
    [non-com-sol] => 2
    [non-com-sol-txt] => 
)

2018-03-08 9:40:54 - Services + Dealer Section
