2018-01-30 4:57:44 - Array
(
    [call-sts] => 29
    [emp-sts] => 1
    [del-id] => 
    [del-firm] => 
    [del-name] => 
    [del-mob] => 7721961676
    [dselst] => 
    [dseldt] => 
    [del-cat] => 
    [del-add] => 
    [del-pin] => 
    [del-adv-code] => 
    [del-mfm-code] => 
    [del_remarks] => 
    [zone] => 737
    [region] => 755
    [state] => 15
    [district] => 302
    [mooffice] => 1191
    [keydealeradventcode] => 
    [keydealername] => 
    [keydealerlocation] => 
    [keydealermobile] => 
    [keyretailername] => 
    [keyretailermobile] => 
    [keyretailerlocation] => 
    [fmsidofdealer] => 
    [farmerfirstname] => A
    [farmermiddlename] => B
    [farmerlastname] => C
    [farmervillage] => V
    [farmertaluka] => T
    [farmermobile] => 7721961676
    [email] => 
    [isprogressivefarmer] => 1
    [majorcrop1] => 4
    [acreage1] => 1
    [majorcrop2] => 
    [acreage2] => 
    [majorcrop3] => 
    [acreage3] => 
    [irrigatedacreage] => 
    [dripirrigatedacreage] => 
    [rainfedacreage] => 
    [issoiltestdone] => 
    [yearofsoiltest] => 
    [remarks] => TEST RMARKS
    [ApiFarmerCode] => NA
    [ApiFarmerLive] => 0
    [ApiFarmerType] => NA
    [comcat] => 0
    [comdata] => 0
    [progrp] => 2
    [procat] => 5
    [pro-name] => 6
    [pro-brand] => KLEEN 58
    [pro-imp] => 
    [pro-batch] => 
    [pro-plant] => 
    [pro-pkg-my] => 
    [comdtls] => QUESTION
    [non-com-sol] => 1
    [non-com-sol-txt] => ANS
)

2018-01-30 4:57:44 - Services + Farmer Section
2018-01-30 4:57:52 - Array
(
    [call-sts] => 29
    [emp-sts] => 1
    [del-id] => 
    [del-firm] => 
    [del-name] => 
    [del-mob] => 7721961676
    [dselst] => 
    [dseldt] => 
    [del-cat] => 
    [del-add] => 
    [del-pin] => 
    [del-adv-code] => 
    [del-mfm-code] => 
    [del_remarks] => 
    [zone] => 737
    [region] => 755
    [state] => 15
    [district] => 302
    [mooffice] => 1191
    [keydealeradventcode] => 
    [keydealername] => 
    [keydealerlocation] => 
    [keydealermobile] => 
    [keyretailername] => 
    [keyretailermobile] => 
    [keyretailerlocation] => 
    [fmsidofdealer] => 
    [farmerfirstname] => A
    [farmermiddlename] => B
    [farmerlastname] => C
    [farmervillage] => V
    [farmertaluka] => T
    [farmermobile] => 7721961676
    [email] => 
    [isprogressivefarmer] => 1
    [majorcrop1] => 4
    [acreage1] => 1
    [majorcrop2] => 
    [acreage2] => 
    [majorcrop3] => 
    [acreage3] => 
    [irrigatedacreage] => 
    [dripirrigatedacreage] => 
    [rainfedacreage] => 
    [issoiltestdone] => 
    [yearofsoiltest] => 
    [remarks] => TEST RMARKS
    [ApiFarmerCode] => NA
    [ApiFarmerLive] => 0
    [ApiFarmerType] => NA
    [comcat] => 0
    [comdata] => 0
    [progrp] => 2
    [procat] => 5
    [pro-name] => 6
    [pro-brand] => KLEEN 58
    [pro-imp] => 
    [pro-batch] => 
    [pro-plant] => 
    [pro-pkg-my] => 
    [comdtls] => QUESTION
    [non-com-sol] => 2
    [non-com-sol-txt] => ANS
)

2018-01-30 4:57:52 - Services + Farmer Section
2018-01-30 4:58:52 - Array
(
    [call-sts] => 29
    [emp-sts] => 1
    [del-id] => 
    [del-firm] => 
    [del-name] => 
    [del-mob] => 7721961676
    [dselst] => 
    [dseldt] => 
    [del-cat] => 
    [del-add] => 
    [del-pin] => 
    [del-adv-code] => 
    [del-mfm-code] => 
    [del_remarks] => 
    [zone] => 737
    [region] => 755
    [state] => 15
    [district] => 302
    [mooffice] => 1191
    [keydealeradventcode] => 
    [keydealername] => 
    [keydealerlocation] => 
    [keydealermobile] => 
    [keyretailername] => 
    [keyretailermobile] => 
    [keyretailerlocation] => 
    [fmsidofdealer] => 
    [farmerfirstname] => A
    [farmermiddlename] => B
    [farmerlastname] => C
    [farmervillage] => V
    [farmertaluka] => T
    [farmermobile] => 7721961676
    [email] => 
    [isprogressivefarmer] => 1
    [majorcrop1] => 4
    [acreage1] => 1
    [majorcrop2] => 
    [acreage2] => 
    [majorcrop3] => 
    [acreage3] => 
    [irrigatedacreage] => 
    [dripirrigatedacreage] => 
    [rainfedacreage] => 
    [issoiltestdone] => 
    [yearofsoiltest] => 
    [remarks] => TEST RMARKS
    [ApiFarmerCode] => NA
    [ApiFarmerLive] => 0
    [ApiFarmerType] => NA
    [comcat] => 0
    [comdata] => 0
    [progrp] => 2
    [procat] => 5
    [pro-name] => 6
    [pro-brand] => KLEEN 58
    [pro-imp] => 
    [pro-batch] => 
    [pro-plant] => 
    [pro-pkg-my] => 
    [comdtls] => QUESTION
    [non-com-sol] => 1
    [non-com-sol-txt] => ANSWER
)

2018-01-30 5:01:15 - Services + Farmer Section
2018-01-30 5:15:22 - Array
(
    [call-sts] => 29
    [emp-sts] => 1
    [del-id] => 
    [del-firm] => 
    [del-name] => 
    [del-mob] => 7721961676
    [dselst] => 
    [dseldt] => 
    [del-cat] => 
    [del-add] => 
    [del-pin] => 
    [del-adv-code] => 
    [del-mfm-code] => 
    [del_remarks] => 
    [zone] => 737
    [region] => 755
    [state] => 15
    [district] => 302
    [mooffice] => 1191
    [keydealeradventcode] => 
    [keydealername] => 
    [keydealerlocation] => 
    [keydealermobile] => 
    [keyretailername] => 
    [keyretailermobile] => 
    [keyretailerlocation] => 
    [fmsidofdealer] => 
    [farmerfirstname] => A
    [farmermiddlename] => B
    [farmerlastname] => C
    [farmervillage] => V
    [farmertaluka] => T
    [farmermobile] => 7721961676
    [email] => 
    [isprogressivefarmer] => 1
    [majorcrop1] => 4
    [acreage1] => 1
    [majorcrop2] => 
    [acreage2] => 
    [majorcrop3] => 
    [acreage3] => 
    [irrigatedacreage] => 
    [dripirrigatedacreage] => 
    [rainfedacreage] => 
    [issoiltestdone] => 
    [yearofsoiltest] => 
    [remarks] => TEST RMARKS
    [ApiFarmerCode] => NA
    [ApiFarmerLive] => 0
    [ApiFarmerType] => NA
    [comcat] => 0
    [comdata] => 0
    [progrp] => 2
    [procat] => 5
    [pro-name] => 6
    [pro-brand] => KLEEN 58
    [pro-imp] => 
    [pro-batch] => 
    [pro-plant] => 
    [pro-pkg-my] => 
    [comdtls] => QUESTION
    [non-com-sol] => 1
    [non-com-sol-txt] => ANSWER
)

2018-01-30 5:15:22 - Services + Farmer Section
