2018-01-12 9:34:54 - SELECT cc_incomingcall.MOBILE,cc_incomingcall.STATE AS 'ADV_ST', CONCAT(cc_incomingcall.DATE_RECEIVED,' ',cc_incomingcall.TIME_RECEIVED) AS 'ADV_DATE',EGM.CUST_ID AS 'ADV_ID',AKC.land_line AS 'ADV_LL'  
            FROM cc_incomingcall 
            LEFT JOIN emp_geo_map EGM ON (cc_incomingcall.STATE=EGM.GEO_ID)
            LEFT JOIN ak_customer AKC ON (EGM.CUST_ID=AKC.customer_id)
            WHERE cc_incomingcall.MOBILE = '9439201900' and cc_incomingcall.`STATUS`='18' and cc_incomingcall.CALL_TYPE=2 and cc_incomingcall.KEY_PRESS=1
2018-01-12 9:34:54 - stdClass Object
(
    [row] => Array
        (
            [MOBILE] => 9439201900
            [ADV_ST] => 21
            [ADV_DATE] => 2018-01-12 09:34:54
            [ADV_ID] => 14
            [ADV_LL] => 6746666158
        )

    [rows] => Array
        (
            [0] => Array
                (
                    [MOBILE] => 9439201900
                    [ADV_ST] => 21
                    [ADV_DATE] => 2018-01-12 09:34:54
                    [ADV_ID] => 14
                    [ADV_LL] => 6746666158
                )

        )

    [num_rows] => 1
)

2018-01-12 9:34:54 - Array
(
    [stid] => 21
    [msg] => 1
    [land_line] => 6746666158
    [pin] => 3602
)

2018-01-12 9:35:13 - SELECT cc_incomingcall.MOBILE,cc_incomingcall.STATE AS 'ADV_ST', CONCAT(cc_incomingcall.DATE_RECEIVED,' ',cc_incomingcall.TIME_RECEIVED) AS 'ADV_DATE',EGM.CUST_ID AS 'ADV_ID',AKC.land_line AS 'ADV_LL'  
            FROM cc_incomingcall 
            LEFT JOIN emp_geo_map EGM ON (cc_incomingcall.STATE=EGM.GEO_ID)
            LEFT JOIN ak_customer AKC ON (EGM.CUST_ID=AKC.customer_id)
            WHERE cc_incomingcall.MOBILE = '9439201900' and cc_incomingcall.`STATUS`='18' and cc_incomingcall.CALL_TYPE=2 and cc_incomingcall.KEY_PRESS=1
2018-01-12 9:35:13 - stdClass Object
(
    [row] => Array
        (
            [MOBILE] => 9439201900
            [ADV_ST] => 21
            [ADV_DATE] => 2018-01-12 09:35:13
            [ADV_ID] => 14
            [ADV_LL] => 6746666158
        )

    [rows] => Array
        (
            [0] => Array
                (
                    [MOBILE] => 9439201900
                    [ADV_ST] => 21
                    [ADV_DATE] => 2018-01-12 09:35:13
                    [ADV_ID] => 14
                    [ADV_LL] => 6746666158
                )

        )

    [num_rows] => 1
)

2018-01-12 9:35:13 - Array
(
    [stid] => 21
    [msg] => 1
    [land_line] => 6746666158
    [pin] => 3603
)

2018-01-12 9:35:17 - SELECT cc_incomingcall.MOBILE,cc_incomingcall.STATE AS 'ADV_ST', CONCAT(cc_incomingcall.DATE_RECEIVED,' ',cc_incomingcall.TIME_RECEIVED) AS 'ADV_DATE',EGM.CUST_ID AS 'ADV_ID',AKC.land_line AS 'ADV_LL'  
            FROM cc_incomingcall 
            LEFT JOIN emp_geo_map EGM ON (cc_incomingcall.STATE=EGM.GEO_ID)
            LEFT JOIN ak_customer AKC ON (EGM.CUST_ID=AKC.customer_id)
            WHERE cc_incomingcall.MOBILE = '9439201900' and cc_incomingcall.`STATUS`='18' and cc_incomingcall.CALL_TYPE=2 and cc_incomingcall.KEY_PRESS=1
2018-01-12 9:35:17 - stdClass Object
(
    [row] => Array
        (
            [MOBILE] => 9439201900
            [ADV_ST] => 21
            [ADV_DATE] => 2018-01-12 09:35:17
            [ADV_ID] => 14
            [ADV_LL] => 6746666158
        )

    [rows] => Array
        (
            [0] => Array
                (
                    [MOBILE] => 9439201900
                    [ADV_ST] => 21
                    [ADV_DATE] => 2018-01-12 09:35:17
                    [ADV_ID] => 14
                    [ADV_LL] => 6746666158
                )

        )

    [num_rows] => 1
)

2018-01-12 9:35:17 - Array
(
    [stid] => 21
    [msg] => 1
    [land_line] => 6746666158
    [pin] => 3603
)

