2017-12-27 9:10:46 - SELECT cc_incomingcall.MOBILE,cc_incomingcall.STATE AS 'ADV_ST', CONCAT(cc_incomingcall.DATE_RECEIVED,' ',cc_incomingcall.TIME_RECEIVED) AS 'ADV_DATE',EGM.CUST_ID AS 'ADV_ID',AKC.land_line AS 'ADV_LL'  
            FROM cc_incomingcall 
            LEFT JOIN emp_geo_map EGM ON (cc_incomingcall.STATE=EGM.GEO_ID)
            LEFT JOIN ak_customer AKC ON (EGM.CUST_ID=AKC.customer_id)
            WHERE cc_incomingcall.MOBILE = '9971813600' and cc_incomingcall.`STATUS`='18' and cc_incomingcall.CALL_TYPE=2 and cc_incomingcall.KEY_PRESS=1
2017-12-27 9:10:46 - stdClass Object
(
    [row] => Array
        (
            [MOBILE] => 9971813600
            [ADV_ST] => 6
            [ADV_DATE] => 2017-12-27 09:10:46
            [ADV_ID] => 15
            [ADV_LL] => 2024327080
        )

    [rows] => Array
        (
            [0] => Array
                (
                    [MOBILE] => 9971813600
                    [ADV_ST] => 6
                    [ADV_DATE] => 2017-12-27 09:10:46
                    [ADV_ID] => 15
                    [ADV_LL] => 2024327080
                )

        )

    [num_rows] => 1
)

2017-12-27 9:10:46 - Array
(
    [stid] => 6
    [msg] => 1
    [land_line] => 2024327080
    [pin] => 3288
)

2017-12-27 9:22:18 - SELECT cc_incomingcall.MOBILE,cc_incomingcall.STATE AS 'ADV_ST', CONCAT(cc_incomingcall.DATE_RECEIVED,' ',cc_incomingcall.TIME_RECEIVED) AS 'ADV_DATE',EGM.CUST_ID AS 'ADV_ID',AKC.land_line AS 'ADV_LL'  
            FROM cc_incomingcall 
            LEFT JOIN emp_geo_map EGM ON (cc_incomingcall.STATE=EGM.GEO_ID)
            LEFT JOIN ak_customer AKC ON (EGM.CUST_ID=AKC.customer_id)
            WHERE cc_incomingcall.MOBILE = '9971813600' and cc_incomingcall.`STATUS`='18' and cc_incomingcall.CALL_TYPE=2 and cc_incomingcall.KEY_PRESS=1
2017-12-27 9:22:18 - stdClass Object
(
    [row] => Array
        (
            [MOBILE] => 9971813600
            [ADV_ST] => 6
            [ADV_DATE] => 2017-12-27 09:22:18
            [ADV_ID] => 15
            [ADV_LL] => 2024327080
        )

    [rows] => Array
        (
            [0] => Array
                (
                    [MOBILE] => 9971813600
                    [ADV_ST] => 6
                    [ADV_DATE] => 2017-12-27 09:22:18
                    [ADV_ID] => 15
                    [ADV_LL] => 2024327080
                )

        )

    [num_rows] => 1
)

2017-12-27 9:22:18 - Array
(
    [stid] => 6
    [msg] => 1
    [land_line] => 2024327080
    [pin] => 3288
)

2017-12-27 10:33:55 - SELECT cc_incomingcall.MOBILE,cc_incomingcall.STATE AS 'ADV_ST', CONCAT(cc_incomingcall.DATE_RECEIVED,' ',cc_incomingcall.TIME_RECEIVED) AS 'ADV_DATE',EGM.CUST_ID AS 'ADV_ID',AKC.land_line AS 'ADV_LL'  
            FROM cc_incomingcall 
            LEFT JOIN emp_geo_map EGM ON (cc_incomingcall.STATE=EGM.GEO_ID)
            LEFT JOIN ak_customer AKC ON (EGM.CUST_ID=AKC.customer_id)
            WHERE cc_incomingcall.MOBILE = '9971813600' and cc_incomingcall.`STATUS`='18' and cc_incomingcall.CALL_TYPE=2 and cc_incomingcall.KEY_PRESS=1
2017-12-27 10:33:55 - stdClass Object
(
    [row] => Array
        (
            [MOBILE] => 9971813600
            [ADV_ST] => 6
            [ADV_DATE] => 2017-12-27 10:33:55
            [ADV_ID] => 15
            [ADV_LL] => 2024327080
        )

    [rows] => Array
        (
            [0] => Array
                (
                    [MOBILE] => 9971813600
                    [ADV_ST] => 6
                    [ADV_DATE] => 2017-12-27 10:33:55
                    [ADV_ID] => 15
                    [ADV_LL] => 2024327080
                )

        )

    [num_rows] => 1
)

2017-12-27 10:33:55 - Array
(
    [stid] => 6
    [msg] => 1
    [land_line] => 2024327080
    [pin] => 3288
)

