2018-07-21 6:51:36 - SELECT cc_incomingcall.MOBILE,cc_incomingcall.STATE AS 'ADV_ST', CONCAT(cc_incomingcall.DATE_RECEIVED,' ',cc_incomingcall.TIME_RECEIVED) AS 'ADV_DATE',EGM.CUST_ID AS 'ADV_ID',AKC.land_line AS 'ADV_LL'  
            FROM cc_incomingcall 
            LEFT JOIN emp_geo_map EGM ON (cc_incomingcall.STATE=EGM.GEO_ID)
            LEFT JOIN ak_customer AKC ON (EGM.CUST_ID=AKC.customer_id)
            WHERE cc_incomingcall.MOBILE = '9096070550' and cc_incomingcall.`STATUS`='18' and cc_incomingcall.CALL_TYPE=2 and cc_incomingcall.KEY_PRESS=1
2018-07-21 6:51:46 - stdClass Object
(
    [row] => Array
        (
            [MOBILE] => 9096070550
            [ADV_ST] => 16
            [ADV_DATE] => 2018-07-21 06:50:58
            [ADV_ID] => 15
            [ADV_LL] => 9561237233
        )

    [rows] => Array
        (
            [0] => Array
                (
                    [MOBILE] => 9096070550
                    [ADV_ST] => 16
                    [ADV_DATE] => 2018-07-21 06:50:58
                    [ADV_ID] => 15
                    [ADV_LL] => 9561237233
                )

        )

    [num_rows] => 1
)

